2022-11-02 10:41:14.8316 DEBUG File Move Starts..02-Nov-22 10:41:14 AM
2022-11-02 10:41:22.8516 DEBUG File Move Ends..02-Nov-22 10:41:22 AM
2022-11-02 10:41:24.4567 DEBUG File Move Starts..02-Nov-22 10:41:24 AM
2022-11-02 10:41:24.5684 DEBUG File Move Ends..02-Nov-22 10:41:24 AM
2022-11-02 10:41:31.3511 DEBUG File Move Starts..02-Nov-22 10:41:31 AM
2022-11-02 10:41:31.4558 DEBUG File Move Ends..02-Nov-22 10:41:31 AM
2022-11-02 10:41:31.8621 DEBUG File Move Starts..02-Nov-22 10:41:31 AM
2022-11-02 10:41:32.0323 DEBUG File Move Ends..02-Nov-22 10:41:32 AM
2022-11-02 10:41:32.3721 DEBUG File Move Starts..02-Nov-22 10:41:32 AM
2022-11-02 10:41:32.5417 DEBUG File Move Ends..02-Nov-22 10:41:32 AM
2022-11-02 10:57:34.8379 DEBUG File Move Starts..02-Nov-22 10:57:34 AM
2022-11-02 10:57:35.3763 DEBUG File Move Ends..02-Nov-22 10:57:35 AM
2022-11-02 10:57:39.5849 DEBUG File Move Starts..02-Nov-22 10:57:39 AM
2022-11-02 10:57:39.7381 DEBUG File Move Ends..02-Nov-22 10:57:39 AM
2022-11-02 10:57:43.3619 DEBUG File Move Starts..02-Nov-22 10:57:43 AM
2022-11-02 10:57:43.4869 DEBUG File Move Ends..02-Nov-22 10:57:43 AM
2022-11-02 11:00:00.1958 DEBUG Entry --> Get All AD Users..
2022-11-02 11:00:21.3821 ERROR Get All AD Users..AD Error..The server is not operational.

2022-11-02 11:00:21.3821 DEBUG Users Count...0
2022-11-02 12:00:00.0060 DEBUG Entry --> Get All AD Users..
2022-11-02 12:00:21.1028 ERROR Get All AD Users..AD Error..The server is not operational.

2022-11-02 12:00:21.1028 DEBUG Users Count...0
2022-11-02 13:00:00.0106 DEBUG Entry --> Get All AD Users..
2022-11-02 13:00:00.0413 ERROR Get All AD Users..AD Error..The server is not operational.

2022-11-02 13:00:00.0413 DEBUG Users Count...0
2022-11-02 14:00:00.0045 DEBUG Entry --> Get All AD Users..
2022-11-02 14:00:00.0643 ERROR Get All AD Users..AD Error..The server is not operational.

2022-11-02 14:00:00.0643 DEBUG Users Count...0
2022-11-02 14:54:28.8168 DEBUG File Move Starts..02-Nov-22 2:54:28 PM
2022-11-02 14:54:32.0062 DEBUG File Move Ends..02-Nov-22 2:54:32 PM
2022-11-02 15:00:00.0272 DEBUG Entry --> Get All AD Users..
2022-11-02 15:00:21.2438 ERROR Get All AD Users..AD Error..The server is not operational.

2022-11-02 15:00:21.2438 DEBUG Users Count...0
2022-11-02 21:46:43.8275 DEBUG File Move Starts..02-Nov-22 9:46:43 PM
2022-11-02 21:46:44.2986 DEBUG File Move Ends..02-Nov-22 9:46:44 PM
2022-11-02 21:46:44.3335 DEBUG File Move Starts..02-Nov-22 9:46:44 PM
2022-11-02 21:46:44.4796 DEBUG File Move Ends..02-Nov-22 9:46:44 PM
2022-11-02 21:46:44.8396 DEBUG File Move Starts..02-Nov-22 9:46:44 PM
2022-11-02 21:46:45.0102 DEBUG File Move Ends..02-Nov-22 9:46:45 PM
2022-11-02 21:46:45.3531 DEBUG File Move Starts..02-Nov-22 9:46:45 PM
2022-11-02 21:46:45.4902 DEBUG File Move Ends..02-Nov-22 9:46:45 PM
2022-11-02 21:46:45.8624 DEBUG File Move Starts..02-Nov-22 9:46:45 PM
2022-11-02 21:46:45.9691 DEBUG File Move Ends..02-Nov-22 9:46:45 PM
2022-11-02 21:46:46.3713 DEBUG File Move Starts..02-Nov-22 9:46:46 PM
2022-11-02 21:46:46.4840 DEBUG File Move Ends..02-Nov-22 9:46:46 PM
2022-11-02 21:46:46.8783 DEBUG File Move Starts..02-Nov-22 9:46:46 PM
2022-11-02 21:46:46.9790 DEBUG File Move Ends..02-Nov-22 9:46:46 PM
2022-11-02 21:46:47.3829 DEBUG File Move Starts..02-Nov-22 9:46:47 PM
2022-11-02 21:46:47.5106 DEBUG File Move Ends..02-Nov-22 9:46:47 PM
2022-11-02 21:46:47.8987 DEBUG File Move Starts..02-Nov-22 9:46:47 PM
2022-11-02 21:46:48.0058 DEBUG File Move Ends..02-Nov-22 9:46:48 PM
2022-11-02 22:20:36.2341 DEBUG File Move Starts..02-Nov-22 10:20:36 PM
2022-11-02 22:20:36.5320 DEBUG File Move Ends..02-Nov-22 10:20:36 PM
2022-11-02 22:20:49.4251 DEBUG File Move Starts..02-Nov-22 10:20:49 PM
2022-11-02 22:20:49.5567 DEBUG File Move Ends..02-Nov-22 10:20:49 PM
2022-11-02 22:20:49.9295 DEBUG File Move Starts..02-Nov-22 10:20:49 PM
2022-11-02 22:20:50.0791 DEBUG File Move Ends..02-Nov-22 10:20:50 PM
2022-11-02 22:20:50.4414 DEBUG File Move Starts..02-Nov-22 10:20:50 PM
2022-11-02 22:20:50.5979 DEBUG File Move Ends..02-Nov-22 10:20:50 PM
2022-11-02 22:20:50.9557 DEBUG File Move Starts..02-Nov-22 10:20:50 PM
2022-11-02 22:20:51.0634 DEBUG File Move Ends..02-Nov-22 10:20:51 PM
2022-11-02 22:20:51.4671 DEBUG File Move Starts..02-Nov-22 10:20:51 PM
2022-11-02 22:20:51.6197 DEBUG File Move Ends..02-Nov-22 10:20:51 PM
2022-11-02 22:32:55.6108 DEBUG File Move Starts..02-Nov-22 10:32:55 PM
2022-11-02 22:32:55.9591 DEBUG File Move Ends..02-Nov-22 10:32:55 PM
2022-11-02 22:32:56.1116 DEBUG File Move Starts..02-Nov-22 10:32:56 PM
2022-11-02 22:32:56.2379 DEBUG File Move Ends..02-Nov-22 10:32:56 PM
2022-11-02 22:32:56.6219 DEBUG File Move Starts..02-Nov-22 10:32:56 PM
2022-11-02 22:32:56.7385 DEBUG File Move Ends..02-Nov-22 10:32:56 PM
2022-11-02 22:32:57.1342 DEBUG File Move Starts..02-Nov-22 10:32:57 PM
2022-11-02 22:32:57.2469 DEBUG File Move Ends..02-Nov-22 10:32:57 PM
2022-11-02 22:32:57.6477 DEBUG File Move Starts..02-Nov-22 10:32:57 PM
2022-11-02 22:32:57.7693 DEBUG File Move Ends..02-Nov-22 10:32:57 PM
2022-11-02 22:32:58.1563 DEBUG File Move Starts..02-Nov-22 10:32:58 PM
2022-11-02 22:32:58.3538 DEBUG File Move Ends..02-Nov-22 10:32:58 PM
2022-11-02 22:32:58.6668 DEBUG File Move Starts..02-Nov-22 10:32:58 PM
2022-11-02 22:32:58.7835 DEBUG File Move Ends..02-Nov-22 10:32:58 PM
2022-11-02 22:32:59.1795 DEBUG File Move Starts..02-Nov-22 10:32:59 PM
2022-11-02 22:32:59.2962 DEBUG File Move Ends..02-Nov-22 10:32:59 PM
2022-11-02 22:32:59.6912 DEBUG File Move Starts..02-Nov-22 10:32:59 PM
2022-11-02 22:32:59.7981 DEBUG File Move Ends..02-Nov-22 10:32:59 PM
2022-11-02 22:33:00.1985 DEBUG File Move Starts..02-Nov-22 10:33:00 PM
2022-11-02 22:33:00.3218 DEBUG File Move Ends..02-Nov-22 10:33:00 PM
2022-11-02 22:33:00.7097 DEBUG File Move Starts..02-Nov-22 10:33:00 PM
2022-11-02 22:33:00.7979 DEBUG File Move Ends..02-Nov-22 10:33:00 PM
2022-11-02 22:33:01.2233 DEBUG File Move Starts..02-Nov-22 10:33:01 PM
2022-11-02 22:33:01.3121 DEBUG File Move Ends..02-Nov-22 10:33:01 PM
2022-11-02 22:33:01.7346 DEBUG File Move Starts..02-Nov-22 10:33:01 PM
2022-11-02 22:33:01.8304 DEBUG File Move Ends..02-Nov-22 10:33:01 PM
2022-11-02 22:33:02.2459 DEBUG File Move Starts..02-Nov-22 10:33:02 PM
2022-11-02 22:33:02.3356 DEBUG File Move Ends..02-Nov-22 10:33:02 PM
2022-11-02 22:33:02.7597 DEBUG File Move Starts..02-Nov-22 10:33:02 PM
2022-11-02 22:33:02.8723 DEBUG File Move Ends..02-Nov-22 10:33:02 PM
2022-11-02 22:33:03.2637 DEBUG File Move Starts..02-Nov-22 10:33:03 PM
2022-11-02 22:33:03.3482 DEBUG File Move Ends..02-Nov-22 10:33:03 PM
2022-11-02 22:33:03.7761 DEBUG File Move Starts..02-Nov-22 10:33:03 PM
2022-11-02 22:33:03.8858 DEBUG File Move Ends..02-Nov-22 10:33:03 PM
2022-11-02 22:33:04.2893 DEBUG File Move Starts..02-Nov-22 10:33:04 PM
2022-11-02 22:33:04.3851 DEBUG File Move Ends..02-Nov-22 10:33:04 PM
2022-11-02 22:33:04.7985 DEBUG File Move Starts..02-Nov-22 10:33:04 PM
2022-11-02 22:33:04.8952 DEBUG File Move Ends..02-Nov-22 10:33:04 PM
2022-11-02 22:33:05.3075 DEBUG File Move Starts..02-Nov-22 10:33:05 PM
2022-11-02 22:33:05.4102 DEBUG File Move Ends..02-Nov-22 10:33:05 PM
2022-11-02 22:34:49.8884 DEBUG File Move Starts..02-Nov-22 10:34:49 PM
2022-11-02 22:34:50.0893 DEBUG File Move Ends..02-Nov-22 10:34:50 PM
2022-11-02 22:37:03.9602 DEBUG File Move Starts..02-Nov-22 10:37:03 PM
2022-11-02 22:43:27.0474 DEBUG File Move Starts..02-Nov-22 10:43:27 PM
2022-11-02 22:43:27.8851 DEBUG File Move Ends..02-Nov-22 10:43:27 PM
2022-11-02 22:43:28.0462 DEBUG File Move Starts..02-Nov-22 10:43:28 PM
2022-11-02 22:43:28.2380 DEBUG File Move Ends..02-Nov-22 10:43:28 PM
2022-11-02 22:43:28.5639 DEBUG File Move Starts..02-Nov-22 10:43:28 PM
2022-11-02 22:43:28.7814 DEBUG File Move Ends..02-Nov-22 10:43:28 PM
2022-11-02 22:43:29.0710 DEBUG File Move Starts..02-Nov-22 10:43:29 PM
2022-11-02 22:43:29.2639 DEBUG File Move Ends..02-Nov-22 10:43:29 PM
2022-11-02 22:43:29.5717 DEBUG File Move Starts..02-Nov-22 10:43:29 PM
2022-11-02 22:43:29.8156 DEBUG File Move Ends..02-Nov-22 10:43:29 PM
2022-11-02 22:43:30.0857 DEBUG File Move Starts..02-Nov-22 10:43:30 PM
2022-11-02 22:43:30.5782 DEBUG File Move Ends..02-Nov-22 10:43:30 PM
2022-11-02 22:43:30.5981 DEBUG File Move Starts..02-Nov-22 10:43:30 PM
2022-11-02 22:43:30.8567 DEBUG File Move Ends..02-Nov-22 10:43:30 PM
2022-11-02 22:43:31.1090 DEBUG File Move Starts..02-Nov-22 10:43:31 PM
2022-11-02 22:43:31.4021 DEBUG File Move Ends..02-Nov-22 10:43:31 PM
2022-11-02 22:43:31.6224 DEBUG File Move Starts..02-Nov-22 10:43:31 PM
2022-11-02 22:43:31.8609 DEBUG File Move Ends..02-Nov-22 10:43:31 PM
2022-11-02 22:43:32.1657 DEBUG File Move Starts..02-Nov-22 10:43:32 PM
2022-11-02 22:43:32.4191 DEBUG File Move Ends..02-Nov-22 10:43:32 PM
