2022-12-29 01:11:38.0868 DEBUG File Move Starts..29-Dec-22 1:11:38 AM
2022-12-29 01:13:45.6089 DEBUG File Move Ends..29-Dec-22 1:13:45 AM
2022-12-29 01:13:57.3690 DEBUG File Move Starts..29-Dec-22 1:13:57 AM
2022-12-29 01:14:20.9061 DEBUG File Move Ends..29-Dec-22 1:14:20 AM
2022-12-29 01:14:24.3014 DEBUG File Move Starts..29-Dec-22 1:14:24 AM
2022-12-29 01:14:24.4221 DEBUG File Move Ends..29-Dec-22 1:14:24 AM
2022-12-29 01:14:24.8152 DEBUG File Move Starts..29-Dec-22 1:14:24 AM
2022-12-29 01:14:24.9618 DEBUG File Move Ends..29-Dec-22 1:14:24 AM
2022-12-29 01:15:43.1171 DEBUG File Move Starts..29-Dec-22 1:15:43 AM
2022-12-29 01:15:43.4555 DEBUG File Move Ends..29-Dec-22 1:15:43 AM
2022-12-29 02:00:32.9976 DEBUG File Move Starts..29-Dec-22 2:00:32 AM
2022-12-29 02:00:33.9205 DEBUG File Move Ends..29-Dec-22 2:00:33 AM
2022-12-29 02:00:34.0003 DEBUG File Move Starts..29-Dec-22 2:00:34 AM
2022-12-29 02:00:34.0941 DEBUG File Move Ends..29-Dec-22 2:00:34 AM
2022-12-29 02:00:34.5134 DEBUG File Move Starts..29-Dec-22 2:00:34 AM
2022-12-29 02:00:34.7113 DEBUG File Move Ends..29-Dec-22 2:00:34 AM
2022-12-29 12:15:16.8883 DEBUG Company id - 0
2022-12-29 12:15:17.1147 ERROR Get All AD Users..AD Error..Unknown error (0x80005000)
2022-12-29 15:01:06.3097 DEBUG File Move Starts..29-Dec-22 3:01:06 PM
2022-12-29 15:01:07.2130 DEBUG File Move Ends..29-Dec-22 3:01:07 PM
2022-12-29 15:01:15.9031 DEBUG File Move Starts..29-Dec-22 3:01:15 PM
2022-12-29 15:01:15.9932 DEBUG File Move Ends..29-Dec-22 3:01:15 PM
2022-12-29 15:01:16.4180 DEBUG File Move Starts..29-Dec-22 3:01:16 PM
2022-12-29 15:01:16.4936 DEBUG File Move Ends..29-Dec-22 3:01:16 PM
2022-12-29 15:01:16.9235 DEBUG File Move Starts..29-Dec-22 3:01:16 PM
2022-12-29 15:01:17.0111 DEBUG File Move Ends..29-Dec-22 3:01:17 PM
2022-12-29 15:01:17.4390 DEBUG File Move Starts..29-Dec-22 3:01:17 PM
2022-12-29 15:01:17.5164 DEBUG File Move Ends..29-Dec-22 3:01:17 PM
2022-12-29 15:01:17.9526 DEBUG File Move Starts..29-Dec-22 3:01:17 PM
2022-12-29 15:01:18.1599 DEBUG File Move Ends..29-Dec-22 3:01:18 PM
2022-12-29 15:01:18.4634 DEBUG File Move Starts..29-Dec-22 3:01:18 PM
2022-12-29 15:01:18.5611 DEBUG File Move Ends..29-Dec-22 3:01:18 PM
2022-12-29 15:01:18.9728 DEBUG File Move Starts..29-Dec-22 3:01:18 PM
2022-12-29 15:01:19.0418 DEBUG File Move Ends..29-Dec-22 3:01:19 PM
2022-12-29 15:01:19.4895 DEBUG File Move Starts..29-Dec-22 3:01:19 PM
2022-12-29 15:01:19.6351 DEBUG File Move Ends..29-Dec-22 3:01:19 PM
2022-12-29 15:01:19.9893 DEBUG File Move Starts..29-Dec-22 3:01:19 PM
2022-12-29 15:01:20.0738 DEBUG File Move Ends..29-Dec-22 3:01:20 PM
2022-12-29 15:01:20.5011 DEBUG File Move Starts..29-Dec-22 3:01:20 PM
2022-12-29 15:01:20.5978 DEBUG File Move Ends..29-Dec-22 3:01:20 PM
2022-12-29 15:01:21.0163 DEBUG File Move Starts..29-Dec-22 3:01:21 PM
2022-12-29 15:01:21.1101 DEBUG File Move Ends..29-Dec-22 3:01:21 PM
2022-12-29 15:01:21.5337 DEBUG File Move Starts..29-Dec-22 3:01:21 PM
2022-12-29 15:01:21.6282 DEBUG File Move Ends..29-Dec-22 3:01:21 PM
2022-12-29 15:02:36.8613 DEBUG File Move Starts..29-Dec-22 3:02:36 PM
2022-12-29 15:02:37.0388 DEBUG File Move Ends..29-Dec-22 3:02:37 PM
2022-12-29 15:02:37.3623 DEBUG File Move Starts..29-Dec-22 3:02:37 PM
2022-12-29 15:02:37.4321 DEBUG File Move Ends..29-Dec-22 3:02:37 PM
2022-12-29 15:02:37.8781 DEBUG File Move Starts..29-Dec-22 3:02:37 PM
2022-12-29 15:02:38.0124 DEBUG File Move Ends..29-Dec-22 3:02:38 PM
2022-12-29 15:02:38.3873 DEBUG File Move Starts..29-Dec-22 3:02:38 PM
2022-12-29 15:02:38.4756 DEBUG File Move Ends..29-Dec-22 3:02:38 PM
2022-12-29 15:02:38.9022 DEBUG File Move Starts..29-Dec-22 3:02:38 PM
2022-12-29 15:02:38.9836 DEBUG File Move Ends..29-Dec-22 3:02:38 PM
2022-12-29 15:02:39.4036 DEBUG File Move Starts..29-Dec-22 3:02:39 PM
2022-12-29 15:02:39.4737 DEBUG File Move Ends..29-Dec-22 3:02:39 PM
2022-12-29 15:02:39.9277 DEBUG File Move Starts..29-Dec-22 3:02:39 PM
2022-12-29 15:02:39.9985 DEBUG File Move Ends..29-Dec-22 3:02:39 PM
2022-12-29 15:02:40.4387 DEBUG File Move Starts..29-Dec-22 3:02:40 PM
2022-12-29 15:02:40.5397 DEBUG File Move Ends..29-Dec-22 3:02:40 PM
2022-12-29 15:02:40.9527 DEBUG File Move Starts..29-Dec-22 3:02:40 PM
2022-12-29 15:02:41.0275 DEBUG File Move Ends..29-Dec-22 3:02:41 PM
2022-12-29 15:02:41.4685 DEBUG File Move Starts..29-Dec-22 3:02:41 PM
2022-12-29 15:02:41.5386 DEBUG File Move Ends..29-Dec-22 3:02:41 PM
2022-12-29 15:02:41.9836 DEBUG File Move Starts..29-Dec-22 3:02:41 PM
2022-12-29 15:02:42.0584 DEBUG File Move Ends..29-Dec-22 3:02:42 PM
2022-12-29 15:02:42.4942 DEBUG File Move Starts..29-Dec-22 3:02:42 PM
2022-12-29 15:02:42.5625 DEBUG File Move Ends..29-Dec-22 3:02:42 PM
2022-12-29 15:02:42.9941 DEBUG File Move Starts..29-Dec-22 3:02:42 PM
2022-12-29 15:02:43.0655 DEBUG File Move Ends..29-Dec-22 3:02:43 PM
2022-12-29 15:02:43.5075 DEBUG File Move Starts..29-Dec-22 3:02:43 PM
2022-12-29 15:02:43.5773 DEBUG File Move Ends..29-Dec-22 3:02:43 PM
2022-12-29 15:02:44.0214 DEBUG File Move Starts..29-Dec-22 3:02:44 PM
2022-12-29 15:02:44.0921 DEBUG File Move Ends..29-Dec-22 3:02:44 PM
2022-12-29 15:02:44.5312 DEBUG File Move Starts..29-Dec-22 3:02:44 PM
2022-12-29 15:02:44.6033 DEBUG File Move Ends..29-Dec-22 3:02:44 PM
2022-12-29 15:02:45.0421 DEBUG File Move Starts..29-Dec-22 3:02:45 PM
2022-12-29 15:02:45.1090 DEBUG File Move Ends..29-Dec-22 3:02:45 PM
2022-12-29 15:02:45.5425 DEBUG File Move Starts..29-Dec-22 3:02:45 PM
2022-12-29 15:02:45.6103 DEBUG File Move Ends..29-Dec-22 3:02:45 PM
2022-12-29 15:02:46.0550 DEBUG File Move Starts..29-Dec-22 3:02:46 PM
2022-12-29 15:02:46.1437 DEBUG File Move Ends..29-Dec-22 3:02:46 PM
2022-12-29 15:02:46.5666 DEBUG File Move Starts..29-Dec-22 3:02:46 PM
2022-12-29 15:02:46.6471 DEBUG File Move Ends..29-Dec-22 3:02:46 PM
2022-12-29 15:02:47.0792 DEBUG File Move Starts..29-Dec-22 3:02:47 PM
2022-12-29 15:02:47.1490 DEBUG File Move Ends..29-Dec-22 3:02:47 PM
2022-12-29 15:02:47.5928 DEBUG File Move Starts..29-Dec-22 3:02:47 PM
2022-12-29 15:02:47.6797 DEBUG File Move Ends..29-Dec-22 3:02:47 PM
2022-12-29 15:02:48.0988 DEBUG File Move Starts..29-Dec-22 3:02:48 PM
2022-12-29 15:02:48.1666 DEBUG File Move Ends..29-Dec-22 3:02:48 PM
2022-12-29 15:02:48.6141 DEBUG File Move Starts..29-Dec-22 3:02:48 PM
2022-12-29 15:02:48.6808 DEBUG File Move Ends..29-Dec-22 3:02:48 PM
2022-12-29 15:02:49.1275 DEBUG File Move Starts..29-Dec-22 3:02:49 PM
2022-12-29 15:02:49.2013 DEBUG File Move Ends..29-Dec-22 3:02:49 PM
2022-12-29 15:02:49.6345 DEBUG File Move Starts..29-Dec-22 3:02:49 PM
2022-12-29 15:02:49.6997 DEBUG File Move Ends..29-Dec-22 3:02:49 PM
2022-12-29 15:02:50.1452 DEBUG File Move Starts..29-Dec-22 3:02:50 PM
2022-12-29 15:02:50.2469 DEBUG File Move Ends..29-Dec-22 3:02:50 PM
2022-12-29 15:02:50.6528 DEBUG File Move Starts..29-Dec-22 3:02:50 PM
2022-12-29 15:02:50.7201 DEBUG File Move Ends..29-Dec-22 3:02:50 PM
2022-12-29 15:02:51.1662 DEBUG File Move Starts..29-Dec-22 3:02:51 PM
2022-12-29 15:02:51.2320 DEBUG File Move Ends..29-Dec-22 3:02:51 PM
2022-12-29 15:02:51.6798 DEBUG File Move Starts..29-Dec-22 3:02:51 PM
2022-12-29 15:02:51.7474 DEBUG File Move Ends..29-Dec-22 3:02:51 PM
2022-12-29 15:02:52.1853 DEBUG File Move Starts..29-Dec-22 3:02:52 PM
2022-12-29 15:02:52.2611 DEBUG File Move Ends..29-Dec-22 3:02:52 PM
2022-12-29 16:00:00.0364 DEBUG Company id - 0
2022-12-29 16:00:00.0828 ERROR Get All AD Users..AD Error..Unknown error (0x80005000)
2022-12-29 17:00:00.0109 DEBUG Company id - 0
2022-12-29 17:00:00.0598 ERROR Get All AD Users..AD Error..Unknown error (0x80005000)
