2022-12-27 00:08:14.0979 DEBUG Company id - 0
2022-12-27 00:08:21.2481 ERROR Get All AD Users..AD Error..Unknown error (0x80005000)
2022-12-27 00:22:52.0597 DEBUG File Move Starts..27-Dec-22 12:22:52 AM
2022-12-27 00:22:52.4795 DEBUG File Move Ends..27-Dec-22 12:22:52 AM
2022-12-27 00:22:52.5454 DEBUG File Move Starts..27-Dec-22 12:22:52 AM
2022-12-27 00:22:52.6194 DEBUG File Move Ends..27-Dec-22 12:22:52 AM
2022-12-27 00:22:53.0568 DEBUG File Move Starts..27-Dec-22 12:22:53 AM
2022-12-27 00:22:53.1433 DEBUG File Move Ends..27-Dec-22 12:22:53 AM
2022-12-27 00:22:53.5715 DEBUG File Move Starts..27-Dec-22 12:22:53 AM
2022-12-27 00:22:53.6559 DEBUG File Move Ends..27-Dec-22 12:22:53 AM
2022-12-27 00:24:32.1497 DEBUG File Move Starts..27-Dec-22 12:24:32 AM
2022-12-27 00:24:32.3342 DEBUG File Move Ends..27-Dec-22 12:24:32 AM
2022-12-27 00:24:32.6552 DEBUG File Move Starts..27-Dec-22 12:24:32 AM
2022-12-27 00:24:32.7705 DEBUG File Move Ends..27-Dec-22 12:24:32 AM
2022-12-27 00:24:32.7944 DEBUG File Move Starts..27-Dec-22 12:24:32 AM
2022-12-27 00:24:32.8632 DEBUG File Move Ends..27-Dec-22 12:24:32 AM
2022-12-27 00:24:33.1668 DEBUG File Move Starts..27-Dec-22 12:24:33 AM
2022-12-27 00:24:33.2717 DEBUG File Move Ends..27-Dec-22 12:24:33 AM
2022-12-27 00:24:33.2717 DEBUG File Move Starts..27-Dec-22 12:24:33 AM
2022-12-27 00:24:33.3535 DEBUG File Move Ends..27-Dec-22 12:24:33 AM
2022-12-27 00:24:33.6771 DEBUG File Move Starts..27-Dec-22 12:24:33 AM
2022-12-27 00:24:33.7509 DEBUG File Move Ends..27-Dec-22 12:24:33 AM
2022-12-27 00:24:33.7748 DEBUG File Move Starts..27-Dec-22 12:24:33 AM
2022-12-27 00:24:33.8427 DEBUG File Move Ends..27-Dec-22 12:24:33 AM
2022-12-27 00:24:34.1878 DEBUG File Move Starts..27-Dec-22 12:24:34 AM
2022-12-27 00:24:34.3284 DEBUG File Move Ends..27-Dec-22 12:24:34 AM
2022-12-27 00:24:34.6957 DEBUG File Move Starts..27-Dec-22 12:24:34 AM
2022-12-27 00:24:34.7844 DEBUG File Move Ends..27-Dec-22 12:24:34 AM
2022-12-27 00:24:34.8243 DEBUG File Move Starts..27-Dec-22 12:24:34 AM
2022-12-27 00:24:34.9031 DEBUG File Move Ends..27-Dec-22 12:24:34 AM
2022-12-27 00:24:35.2392 DEBUG File Move Starts..27-Dec-22 12:24:35 AM
2022-12-27 00:24:35.3110 DEBUG File Move Ends..27-Dec-22 12:24:35 AM
2022-12-27 00:24:35.7558 DEBUG File Move Starts..27-Dec-22 12:24:35 AM
2022-12-27 00:24:35.8635 DEBUG File Move Ends..27-Dec-22 12:24:35 AM
2022-12-27 00:24:36.2573 DEBUG File Move Starts..27-Dec-22 12:24:36 AM
2022-12-27 00:24:36.3247 DEBUG File Move Ends..27-Dec-22 12:24:36 AM
2022-12-27 00:24:36.7874 DEBUG File Move Starts..27-Dec-22 12:24:36 AM
2022-12-27 00:24:36.8674 DEBUG File Move Ends..27-Dec-22 12:24:36 AM
2022-12-27 00:24:37.2986 DEBUG File Move Starts..27-Dec-22 12:24:37 AM
2022-12-27 00:24:37.3725 DEBUG File Move Ends..27-Dec-22 12:24:37 AM
2022-12-27 00:24:37.8143 DEBUG File Move Starts..27-Dec-22 12:24:37 AM
2022-12-27 00:24:37.9944 DEBUG File Move Ends..27-Dec-22 12:24:37 AM
2022-12-27 00:24:38.3287 DEBUG File Move Starts..27-Dec-22 12:24:38 AM
2022-12-27 00:24:38.4064 DEBUG File Move Ends..27-Dec-22 12:24:38 AM
2022-12-27 00:24:38.8325 DEBUG File Move Starts..27-Dec-22 12:24:38 AM
2022-12-27 00:24:38.9044 DEBUG File Move Ends..27-Dec-22 12:24:38 AM
2022-12-27 00:24:39.3476 DEBUG File Move Starts..27-Dec-22 12:24:39 AM
2022-12-27 00:24:39.4463 DEBUG File Move Ends..27-Dec-22 12:24:39 AM
2022-12-27 00:24:39.8571 DEBUG File Move Starts..27-Dec-22 12:24:39 AM
2022-12-27 00:24:39.9494 DEBUG File Move Ends..27-Dec-22 12:24:39 AM
2022-12-27 00:24:40.3727 DEBUG File Move Starts..27-Dec-22 12:24:40 AM
2022-12-27 00:24:40.4573 DEBUG File Move Ends..27-Dec-22 12:24:40 AM
2022-12-27 00:24:40.8818 DEBUG File Move Starts..27-Dec-22 12:24:40 AM
2022-12-27 00:24:40.9796 DEBUG File Move Ends..27-Dec-22 12:24:40 AM
2022-12-27 00:24:41.3904 DEBUG File Move Starts..27-Dec-22 12:24:41 AM
2022-12-27 00:24:41.4908 DEBUG File Move Ends..27-Dec-22 12:24:41 AM
2022-12-27 00:24:41.8985 DEBUG File Move Starts..27-Dec-22 12:24:41 AM
2022-12-27 00:24:42.0101 DEBUG File Move Ends..27-Dec-22 12:24:42 AM
2022-12-27 00:24:42.4124 DEBUG File Move Starts..27-Dec-22 12:24:42 AM
2022-12-27 00:24:42.5021 DEBUG File Move Ends..27-Dec-22 12:24:42 AM
2022-12-27 00:24:42.9254 DEBUG File Move Starts..27-Dec-22 12:24:42 AM
2022-12-27 00:24:43.0329 DEBUG File Move Ends..27-Dec-22 12:24:43 AM
2022-12-27 00:24:43.4330 DEBUG File Move Starts..27-Dec-22 12:24:43 AM
2022-12-27 00:24:43.5352 DEBUG File Move Ends..27-Dec-22 12:24:43 AM
2022-12-27 00:24:43.9456 DEBUG File Move Starts..27-Dec-22 12:24:43 AM
2022-12-27 00:24:44.0363 DEBUG File Move Ends..27-Dec-22 12:24:44 AM
2022-12-27 00:24:44.4592 DEBUG File Move Starts..27-Dec-22 12:24:44 AM
2022-12-27 00:24:44.5719 DEBUG File Move Ends..27-Dec-22 12:24:44 AM
2022-12-27 00:24:44.9675 DEBUG File Move Starts..27-Dec-22 12:24:44 AM
2022-12-27 00:24:45.0564 DEBUG File Move Ends..27-Dec-22 12:24:45 AM
2022-12-27 00:24:45.4827 DEBUG File Move Starts..27-Dec-22 12:24:45 AM
2022-12-27 00:24:45.5973 DEBUG File Move Ends..27-Dec-22 12:24:45 AM
2022-12-27 00:24:45.9943 DEBUG File Move Starts..27-Dec-22 12:24:45 AM
2022-12-27 00:24:46.0768 DEBUG File Move Ends..27-Dec-22 12:24:46 AM
2022-12-27 00:24:46.5100 DEBUG File Move Starts..27-Dec-22 12:24:46 AM
2022-12-27 00:24:46.6085 DEBUG File Move Ends..27-Dec-22 12:24:46 AM
2022-12-27 00:24:47.0173 DEBUG File Move Starts..27-Dec-22 12:24:47 AM
2022-12-27 00:24:47.1052 DEBUG File Move Ends..27-Dec-22 12:24:47 AM
2022-12-27 00:24:47.5304 DEBUG File Move Starts..27-Dec-22 12:24:47 AM
2022-12-27 00:24:47.6201 DEBUG File Move Ends..27-Dec-22 12:24:47 AM
2022-12-27 00:24:48.0474 DEBUG File Move Starts..27-Dec-22 12:24:48 AM
2022-12-27 00:24:48.1410 DEBUG File Move Ends..27-Dec-22 12:24:48 AM
2022-12-27 00:24:48.5598 DEBUG File Move Starts..27-Dec-22 12:24:48 AM
2022-12-27 00:24:48.6462 DEBUG File Move Ends..27-Dec-22 12:24:48 AM
2022-12-27 00:24:49.0739 DEBUG File Move Starts..27-Dec-22 12:24:49 AM
2022-12-27 00:24:49.1528 DEBUG File Move Ends..27-Dec-22 12:24:49 AM
2022-12-27 00:24:49.5833 DEBUG File Move Starts..27-Dec-22 12:24:49 AM
2022-12-27 00:24:49.6770 DEBUG File Move Ends..27-Dec-22 12:24:49 AM
2022-12-27 00:24:50.0922 DEBUG File Move Starts..27-Dec-22 12:24:50 AM
2022-12-27 00:24:50.1775 DEBUG File Move Ends..27-Dec-22 12:24:50 AM
2022-12-27 00:24:50.6035 DEBUG File Move Starts..27-Dec-22 12:24:50 AM
2022-12-27 00:24:50.7100 DEBUG File Move Ends..27-Dec-22 12:24:50 AM
2022-12-27 00:24:51.1111 DEBUG File Move Starts..27-Dec-22 12:24:51 AM
2022-12-27 00:24:51.2018 DEBUG File Move Ends..27-Dec-22 12:24:51 AM
2022-12-27 00:24:51.6256 DEBUG File Move Starts..27-Dec-22 12:24:51 AM
2022-12-27 00:24:51.7257 DEBUG File Move Ends..27-Dec-22 12:24:51 AM
2022-12-27 00:24:52.1413 DEBUG File Move Starts..27-Dec-22 12:24:52 AM
2022-12-27 00:24:52.2553 DEBUG File Move Ends..27-Dec-22 12:24:52 AM
2022-12-27 00:24:52.6512 DEBUG File Move Starts..27-Dec-22 12:24:52 AM
2022-12-27 00:24:52.7472 DEBUG File Move Ends..27-Dec-22 12:24:52 AM
2022-12-27 00:24:53.1615 DEBUG File Move Starts..27-Dec-22 12:24:53 AM
2022-12-27 00:24:53.2419 DEBUG File Move Ends..27-Dec-22 12:24:53 AM
2022-12-27 00:24:53.6685 DEBUG File Move Starts..27-Dec-22 12:24:53 AM
2022-12-27 00:24:53.7742 DEBUG File Move Ends..27-Dec-22 12:24:53 AM
2022-12-27 00:24:54.1826 DEBUG File Move Starts..27-Dec-22 12:24:54 AM
2022-12-27 00:24:54.2655 DEBUG File Move Ends..27-Dec-22 12:24:54 AM
2022-12-27 00:24:54.6908 DEBUG File Move Starts..27-Dec-22 12:24:54 AM
2022-12-27 00:24:54.8105 DEBUG File Move Ends..27-Dec-22 12:24:54 AM
2022-12-27 00:24:55.2000 DEBUG File Move Starts..27-Dec-22 12:24:55 AM
2022-12-27 00:24:55.2879 DEBUG File Move Ends..27-Dec-22 12:24:55 AM
2022-12-27 00:24:55.7132 DEBUG File Move Starts..27-Dec-22 12:24:55 AM
2022-12-27 00:24:55.7960 DEBUG File Move Ends..27-Dec-22 12:24:55 AM
2022-12-27 00:24:56.2236 DEBUG File Move Starts..27-Dec-22 12:24:56 AM
2022-12-27 00:24:56.3074 DEBUG File Move Ends..27-Dec-22 12:24:56 AM
2022-12-27 00:24:56.7281 DEBUG File Move Starts..27-Dec-22 12:24:56 AM
2022-12-27 00:24:56.8148 DEBUG File Move Ends..27-Dec-22 12:24:56 AM
2022-12-27 00:24:57.2349 DEBUG File Move Starts..27-Dec-22 12:24:57 AM
2022-12-27 00:24:57.3187 DEBUG File Move Ends..27-Dec-22 12:24:57 AM
2022-12-27 00:24:57.7514 DEBUG File Move Starts..27-Dec-22 12:24:57 AM
2022-12-27 00:24:57.8757 DEBUG File Move Ends..27-Dec-22 12:24:57 AM
2022-12-27 00:24:58.2566 DEBUG File Move Starts..27-Dec-22 12:24:58 AM
2022-12-27 00:24:58.3547 DEBUG File Move Ends..27-Dec-22 12:24:58 AM
2022-12-27 00:24:58.7696 DEBUG File Move Starts..27-Dec-22 12:24:58 AM
2022-12-27 00:24:58.8956 DEBUG File Move Ends..27-Dec-22 12:24:58 AM
2022-12-27 00:24:59.2785 DEBUG File Move Starts..27-Dec-22 12:24:59 AM
2022-12-27 00:24:59.4167 DEBUG File Move Ends..27-Dec-22 12:24:59 AM
2022-12-27 00:24:59.7890 DEBUG File Move Starts..27-Dec-22 12:24:59 AM
2022-12-27 00:24:59.8854 DEBUG File Move Ends..27-Dec-22 12:24:59 AM
2022-12-27 00:25:00.3004 DEBUG File Move Starts..27-Dec-22 12:25:00 AM
2022-12-27 00:25:00.4092 DEBUG File Move Ends..27-Dec-22 12:25:00 AM
2022-12-27 00:25:00.8118 DEBUG File Move Starts..27-Dec-22 12:25:00 AM
2022-12-27 00:25:00.9085 DEBUG File Move Ends..27-Dec-22 12:25:00 AM
2022-12-27 00:25:01.3215 DEBUG File Move Starts..27-Dec-22 12:25:01 AM
2022-12-27 00:25:01.4228 DEBUG File Move Ends..27-Dec-22 12:25:01 AM
2022-12-27 00:25:01.8343 DEBUG File Move Starts..27-Dec-22 12:25:01 AM
2022-12-27 00:25:01.9214 DEBUG File Move Ends..27-Dec-22 12:25:01 AM
2022-12-27 00:25:02.3623 DEBUG File Move Starts..27-Dec-22 12:25:02 AM
2022-12-27 00:25:02.4715 DEBUG File Move Ends..27-Dec-22 12:25:02 AM
2022-12-27 00:25:02.8733 DEBUG File Move Starts..27-Dec-22 12:25:02 AM
2022-12-27 00:25:02.9594 DEBUG File Move Ends..27-Dec-22 12:25:02 AM
2022-12-27 00:25:03.3869 DEBUG File Move Starts..27-Dec-22 12:25:03 AM
2022-12-27 00:25:03.5116 DEBUG File Move Ends..27-Dec-22 12:25:03 AM
2022-12-27 00:25:03.8946 DEBUG File Move Starts..27-Dec-22 12:25:03 AM
2022-12-27 00:25:03.9875 DEBUG File Move Ends..27-Dec-22 12:25:03 AM
2022-12-27 00:25:04.4086 DEBUG File Move Starts..27-Dec-22 12:25:04 AM
2022-12-27 00:25:04.5023 DEBUG File Move Ends..27-Dec-22 12:25:04 AM
2022-12-27 00:25:04.9238 DEBUG File Move Starts..27-Dec-22 12:25:04 AM
2022-12-27 00:25:05.0305 DEBUG File Move Ends..27-Dec-22 12:25:05 AM
2022-12-27 00:25:05.4379 DEBUG File Move Starts..27-Dec-22 12:25:05 AM
2022-12-27 00:25:05.5346 DEBUG File Move Ends..27-Dec-22 12:25:05 AM
2022-12-27 00:25:05.9500 DEBUG File Move Starts..27-Dec-22 12:25:05 AM
2022-12-27 00:25:06.0726 DEBUG File Move Ends..27-Dec-22 12:25:06 AM
2022-12-27 00:25:06.4583 DEBUG File Move Starts..27-Dec-22 12:25:06 AM
2022-12-27 00:25:06.5774 DEBUG File Move Ends..27-Dec-22 12:25:06 AM
2022-12-27 00:25:06.9670 DEBUG File Move Starts..27-Dec-22 12:25:06 AM
2022-12-27 00:25:07.0617 DEBUG File Move Ends..27-Dec-22 12:25:07 AM
2022-12-27 00:25:07.4793 DEBUG File Move Starts..27-Dec-22 12:25:07 AM
2022-12-27 00:25:07.5941 DEBUG File Move Ends..27-Dec-22 12:25:07 AM
2022-12-27 00:25:07.9888 DEBUG File Move Starts..27-Dec-22 12:25:07 AM
2022-12-27 00:25:08.1399 DEBUG File Move Ends..27-Dec-22 12:25:08 AM
2022-12-27 00:25:08.5017 DEBUG File Move Starts..27-Dec-22 12:25:08 AM
2022-12-27 00:25:08.6303 DEBUG File Move Ends..27-Dec-22 12:25:08 AM
2022-12-27 00:25:09.0174 DEBUG File Move Starts..27-Dec-22 12:25:09 AM
2022-12-27 00:25:09.1615 DEBUG File Move Ends..27-Dec-22 12:25:09 AM
2022-12-27 00:25:09.5277 DEBUG File Move Starts..27-Dec-22 12:25:09 AM
2022-12-27 00:25:09.6248 DEBUG File Move Ends..27-Dec-22 12:25:09 AM
2022-12-27 00:25:10.0413 DEBUG File Move Starts..27-Dec-22 12:25:10 AM
2022-12-27 00:25:10.1699 DEBUG File Move Ends..27-Dec-22 12:25:10 AM
2022-12-27 00:25:10.5414 DEBUG File Move Starts..27-Dec-22 12:25:10 AM
2022-12-27 00:25:10.6363 DEBUG File Move Ends..27-Dec-22 12:25:10 AM
2022-12-27 00:25:11.0555 DEBUG File Move Starts..27-Dec-22 12:25:11 AM
2022-12-27 00:25:11.1498 DEBUG File Move Ends..27-Dec-22 12:25:11 AM
2022-12-27 00:25:11.5625 DEBUG File Move Starts..27-Dec-22 12:25:11 AM
2022-12-27 00:25:11.6794 DEBUG File Move Ends..27-Dec-22 12:25:11 AM
2022-12-27 00:25:12.0748 DEBUG File Move Starts..27-Dec-22 12:25:12 AM
2022-12-27 00:25:12.1768 DEBUG File Move Ends..27-Dec-22 12:25:12 AM
2022-12-27 00:25:12.5853 DEBUG File Move Starts..27-Dec-22 12:25:12 AM
2022-12-27 00:25:12.6888 DEBUG File Move Ends..27-Dec-22 12:25:12 AM
2022-12-27 00:25:13.0979 DEBUG File Move Starts..27-Dec-22 12:25:13 AM
2022-12-27 00:25:13.2195 DEBUG File Move Ends..27-Dec-22 12:25:13 AM
2022-12-27 00:25:13.6089 DEBUG File Move Starts..27-Dec-22 12:25:13 AM
2022-12-27 00:25:13.7239 DEBUG File Move Ends..27-Dec-22 12:25:13 AM
2022-12-27 00:25:14.1179 DEBUG File Move Starts..27-Dec-22 12:25:14 AM
2022-12-27 00:25:14.2083 DEBUG File Move Ends..27-Dec-22 12:25:14 AM
2022-12-27 00:25:14.6326 DEBUG File Move Starts..27-Dec-22 12:25:14 AM
2022-12-27 00:25:14.7351 DEBUG File Move Ends..27-Dec-22 12:25:14 AM
2022-12-27 00:25:15.1480 DEBUG File Move Starts..27-Dec-22 12:25:15 AM
2022-12-27 00:25:15.2449 DEBUG File Move Ends..27-Dec-22 12:25:15 AM
2022-12-27 00:25:15.6541 DEBUG File Move Starts..27-Dec-22 12:25:15 AM
2022-12-27 00:25:15.7604 DEBUG File Move Ends..27-Dec-22 12:25:15 AM
2022-12-27 00:28:34.1945 DEBUG File Move Starts..27-Dec-22 12:28:34 AM
2022-12-27 00:28:34.4698 DEBUG File Move Ends..27-Dec-22 12:28:34 AM
2022-12-27 00:28:34.4768 DEBUG File Move Starts..27-Dec-22 12:28:34 AM
2022-12-27 00:28:34.6214 DEBUG File Move Ends..27-Dec-22 12:28:34 AM
2022-12-27 00:28:34.6214 DEBUG File Move Starts..27-Dec-22 12:28:34 AM
2022-12-27 00:28:34.9016 DEBUG File Move Ends..27-Dec-22 12:28:34 AM
2022-12-27 00:28:34.9016 DEBUG File Move Starts..27-Dec-22 12:28:34 AM
2022-12-27 00:28:35.0462 DEBUG File Move Ends..27-Dec-22 12:28:35 AM
2022-12-27 00:28:35.0522 DEBUG File Move Starts..27-Dec-22 12:28:35 AM
2022-12-27 00:28:35.2198 DEBUG File Move Ends..27-Dec-22 12:28:35 AM
2022-12-27 00:28:35.2238 DEBUG File Move Starts..27-Dec-22 12:28:35 AM
2022-12-27 00:28:35.3933 DEBUG File Move Ends..27-Dec-22 12:28:35 AM
2022-12-27 00:28:35.3983 DEBUG File Move Starts..27-Dec-22 12:28:35 AM
2022-12-27 00:28:35.5319 DEBUG File Move Ends..27-Dec-22 12:28:35 AM
2022-12-27 00:28:35.5319 DEBUG File Move Starts..27-Dec-22 12:28:35 AM
2022-12-27 00:28:35.6845 DEBUG File Move Ends..27-Dec-22 12:28:35 AM
2022-12-27 00:28:35.6845 DEBUG File Move Starts..27-Dec-22 12:28:35 AM
2022-12-27 00:28:35.8611 DEBUG File Move Ends..27-Dec-22 12:28:35 AM
2022-12-27 00:28:35.8651 DEBUG File Move Starts..27-Dec-22 12:28:35 AM
2022-12-27 00:28:36.0276 DEBUG File Move Ends..27-Dec-22 12:28:36 AM
2022-12-27 00:28:36.0276 DEBUG File Move Starts..27-Dec-22 12:28:36 AM
2022-12-27 00:28:36.1882 DEBUG File Move Ends..27-Dec-22 12:28:36 AM
2022-12-27 00:28:36.1882 DEBUG File Move Starts..27-Dec-22 12:28:36 AM
2022-12-27 00:28:36.3338 DEBUG File Move Ends..27-Dec-22 12:28:36 AM
2022-12-27 00:28:36.3338 DEBUG File Move Starts..27-Dec-22 12:28:36 AM
2022-12-27 00:28:36.5043 DEBUG File Move Ends..27-Dec-22 12:28:36 AM
2022-12-27 00:28:36.5103 DEBUG File Move Starts..27-Dec-22 12:28:36 AM
2022-12-27 00:28:36.6519 DEBUG File Move Ends..27-Dec-22 12:28:36 AM
2022-12-27 00:28:36.6519 DEBUG File Move Starts..27-Dec-22 12:28:36 AM
2022-12-27 00:28:36.8065 DEBUG File Move Ends..27-Dec-22 12:28:36 AM
2022-12-27 00:28:36.8065 DEBUG File Move Starts..27-Dec-22 12:28:36 AM
2022-12-27 00:28:36.9561 DEBUG File Move Ends..27-Dec-22 12:28:36 AM
2022-12-27 00:28:36.9601 DEBUG File Move Starts..27-Dec-22 12:28:36 AM
2022-12-27 00:28:37.1037 DEBUG File Move Ends..27-Dec-22 12:28:37 AM
2022-12-27 00:28:37.1037 DEBUG File Move Starts..27-Dec-22 12:28:37 AM
2022-12-27 00:28:37.2543 DEBUG File Move Ends..27-Dec-22 12:28:37 AM
2022-12-27 00:28:37.2603 DEBUG File Move Starts..27-Dec-22 12:28:37 AM
2022-12-27 00:28:37.4239 DEBUG File Move Ends..27-Dec-22 12:28:37 AM
2022-12-27 00:28:37.4289 DEBUG File Move Starts..27-Dec-22 12:28:37 AM
2022-12-27 00:28:37.6024 DEBUG File Move Ends..27-Dec-22 12:28:37 AM
2022-12-27 00:28:37.6024 DEBUG File Move Starts..27-Dec-22 12:28:37 AM
2022-12-27 00:28:37.7879 DEBUG File Move Ends..27-Dec-22 12:28:37 AM
2022-12-27 00:28:37.7879 DEBUG File Move Starts..27-Dec-22 12:28:37 AM
2022-12-27 00:28:37.9395 DEBUG File Move Ends..27-Dec-22 12:28:37 AM
2022-12-27 00:28:37.9455 DEBUG File Move Starts..27-Dec-22 12:28:37 AM
2022-12-27 00:28:38.0961 DEBUG File Move Ends..27-Dec-22 12:28:38 AM
2022-12-27 00:28:38.0991 DEBUG File Move Starts..27-Dec-22 12:28:38 AM
2022-12-27 00:28:38.2766 DEBUG File Move Ends..27-Dec-22 12:28:38 AM
2022-12-27 00:28:38.2766 DEBUG File Move Starts..27-Dec-22 12:28:38 AM
2022-12-27 00:28:38.4591 DEBUG File Move Ends..27-Dec-22 12:28:38 AM
2022-12-27 00:28:38.4591 DEBUG File Move Starts..27-Dec-22 12:28:38 AM
2022-12-27 00:28:38.6267 DEBUG File Move Ends..27-Dec-22 12:28:38 AM
2022-12-27 00:28:38.6316 DEBUG File Move Starts..27-Dec-22 12:28:38 AM
2022-12-27 00:28:38.7832 DEBUG File Move Ends..27-Dec-22 12:28:38 AM
2022-12-27 00:28:38.7872 DEBUG File Move Starts..27-Dec-22 12:28:38 AM
2022-12-27 00:28:38.9508 DEBUG File Move Ends..27-Dec-22 12:28:38 AM
2022-12-27 00:28:39.2709 DEBUG File Move Starts..27-Dec-22 12:28:39 AM
2022-12-27 00:28:39.4265 DEBUG File Move Ends..27-Dec-22 12:28:39 AM
2022-12-27 00:28:39.7846 DEBUG File Move Starts..27-Dec-22 12:28:39 AM
2022-12-27 00:28:39.9222 DEBUG File Move Ends..27-Dec-22 12:28:39 AM
2022-12-27 00:28:40.2882 DEBUG File Move Starts..27-Dec-22 12:28:40 AM
2022-12-27 00:28:40.4358 DEBUG File Move Ends..27-Dec-22 12:28:40 AM
2022-12-27 00:28:40.7979 DEBUG File Move Starts..27-Dec-22 12:28:40 AM
2022-12-27 00:28:40.9485 DEBUG File Move Ends..27-Dec-22 12:28:40 AM
2022-12-27 00:28:41.3125 DEBUG File Move Starts..27-Dec-22 12:28:41 AM
2022-12-27 00:28:41.4342 DEBUG File Move Ends..27-Dec-22 12:28:41 AM
2022-12-27 00:28:41.4501 DEBUG File Move Starts..27-Dec-22 12:28:41 AM
2022-12-27 00:28:41.6256 DEBUG File Move Ends..27-Dec-22 12:28:41 AM
2022-12-27 00:28:41.8331 DEBUG File Move Starts..27-Dec-22 12:28:41 AM
2022-12-27 00:28:41.9687 DEBUG File Move Ends..27-Dec-22 12:28:41 AM
2022-12-27 00:28:42.3428 DEBUG File Move Starts..27-Dec-22 12:28:42 AM
2022-12-27 00:28:42.4604 DEBUG File Move Ends..27-Dec-22 12:28:42 AM
2022-12-27 00:28:42.4823 DEBUG File Move Starts..27-Dec-22 12:28:42 AM
2022-12-27 00:28:42.6130 DEBUG File Move Ends..27-Dec-22 12:28:42 AM
2022-12-27 00:28:42.8544 DEBUG File Move Starts..27-Dec-22 12:28:42 AM
2022-12-27 00:28:42.9651 DEBUG File Move Ends..27-Dec-22 12:28:42 AM
2022-12-27 00:28:42.9940 DEBUG File Move Starts..27-Dec-22 12:28:42 AM
2022-12-27 00:28:43.1875 DEBUG File Move Ends..27-Dec-22 12:28:43 AM
2022-12-27 00:28:43.3750 DEBUG File Move Starts..27-Dec-22 12:28:43 AM
2022-12-27 00:28:43.5186 DEBUG File Move Ends..27-Dec-22 12:28:43 AM
2022-12-27 00:28:43.9185 DEBUG File Move Starts..27-Dec-22 12:28:43 AM
2022-12-27 00:28:44.0342 DEBUG File Move Ends..27-Dec-22 12:28:44 AM
2022-12-27 00:28:44.4317 DEBUG File Move Starts..27-Dec-22 12:28:44 AM
2022-12-27 00:28:44.5404 DEBUG File Move Ends..27-Dec-22 12:28:44 AM
2022-12-27 00:28:44.9464 DEBUG File Move Starts..27-Dec-22 12:28:44 AM
2022-12-27 00:28:45.0640 DEBUG File Move Ends..27-Dec-22 12:28:45 AM
2022-12-27 00:28:45.4730 DEBUG File Move Starts..27-Dec-22 12:28:45 AM
2022-12-27 00:28:45.6175 DEBUG File Move Ends..27-Dec-22 12:28:45 AM
2022-12-27 00:28:45.9856 DEBUG File Move Starts..27-Dec-22 12:28:45 AM
2022-12-27 00:28:46.1162 DEBUG File Move Ends..27-Dec-22 12:28:46 AM
2022-12-27 00:28:46.4972 DEBUG File Move Starts..27-Dec-22 12:28:46 AM
2022-12-27 00:28:46.6508 DEBUG File Move Ends..27-Dec-22 12:28:46 AM
2022-12-27 00:28:47.0098 DEBUG File Move Starts..27-Dec-22 12:28:47 AM
2022-12-27 00:28:47.1225 DEBUG File Move Ends..27-Dec-22 12:28:47 AM
2022-12-27 00:28:47.5254 DEBUG File Move Starts..27-Dec-22 12:28:47 AM
2022-12-27 00:28:47.6391 DEBUG File Move Ends..27-Dec-22 12:28:47 AM
2022-12-27 00:28:48.0381 DEBUG File Move Starts..27-Dec-22 12:28:48 AM
2022-12-27 00:28:48.1578 DEBUG File Move Ends..27-Dec-22 12:28:48 AM
2022-12-27 00:28:48.5517 DEBUG File Move Starts..27-Dec-22 12:28:48 AM
2022-12-27 00:28:48.6774 DEBUG File Move Ends..27-Dec-22 12:28:48 AM
2022-12-27 00:28:49.0605 DEBUG File Move Starts..27-Dec-22 12:28:49 AM
2022-12-27 00:28:49.1667 DEBUG File Move Ends..27-Dec-22 12:28:49 AM
2022-12-27 00:28:49.5717 DEBUG File Move Starts..27-Dec-22 12:28:49 AM
2022-12-27 00:28:49.6794 DEBUG File Move Ends..27-Dec-22 12:28:49 AM
2022-12-27 00:28:50.0783 DEBUG File Move Starts..27-Dec-22 12:28:50 AM
2022-12-27 00:28:50.1893 DEBUG File Move Ends..27-Dec-22 12:28:50 AM
2022-12-27 00:28:50.5847 DEBUG File Move Starts..27-Dec-22 12:28:50 AM
2022-12-27 00:28:50.7407 DEBUG File Move Ends..27-Dec-22 12:28:50 AM
2022-12-27 00:28:51.0902 DEBUG File Move Starts..27-Dec-22 12:28:51 AM
2022-12-27 00:28:51.2030 DEBUG File Move Ends..27-Dec-22 12:28:51 AM
2022-12-27 00:28:51.6001 DEBUG File Move Starts..27-Dec-22 12:28:51 AM
2022-12-27 00:28:51.7262 DEBUG File Move Ends..27-Dec-22 12:28:51 AM
2022-12-27 00:28:52.1099 DEBUG File Move Starts..27-Dec-22 12:28:52 AM
2022-12-27 00:28:52.2238 DEBUG File Move Ends..27-Dec-22 12:28:52 AM
2022-12-27 00:28:52.6163 DEBUG File Move Starts..27-Dec-22 12:28:52 AM
2022-12-27 00:28:52.7769 DEBUG File Move Ends..27-Dec-22 12:28:52 AM
2022-12-27 00:28:53.1402 DEBUG File Move Starts..27-Dec-22 12:28:53 AM
2022-12-27 00:28:53.3100 DEBUG File Move Ends..27-Dec-22 12:28:53 AM
2022-12-27 00:28:53.6473 DEBUG File Move Starts..27-Dec-22 12:28:53 AM
2022-12-27 00:28:53.7746 DEBUG File Move Ends..27-Dec-22 12:28:53 AM
2022-12-27 00:28:54.1525 DEBUG File Move Starts..27-Dec-22 12:28:54 AM
2022-12-27 00:28:54.3165 DEBUG File Move Ends..27-Dec-22 12:28:54 AM
2022-12-27 00:28:54.6563 DEBUG File Move Starts..27-Dec-22 12:28:54 AM
2022-12-27 00:28:54.7808 DEBUG File Move Ends..27-Dec-22 12:28:54 AM
2022-12-27 00:28:55.1756 DEBUG File Move Starts..27-Dec-22 12:28:55 AM
2022-12-27 00:28:55.3574 DEBUG File Move Ends..27-Dec-22 12:28:55 AM
2022-12-27 00:28:55.6773 DEBUG File Move Starts..27-Dec-22 12:28:55 AM
2022-12-27 00:28:55.8059 DEBUG File Move Ends..27-Dec-22 12:28:55 AM
2022-12-27 00:28:56.1827 DEBUG File Move Starts..27-Dec-22 12:28:56 AM
2022-12-27 00:28:56.2952 DEBUG File Move Ends..27-Dec-22 12:28:56 AM
2022-12-27 00:28:56.7003 DEBUG File Move Starts..27-Dec-22 12:28:56 AM
2022-12-27 00:28:56.8738 DEBUG File Move Ends..27-Dec-22 12:28:56 AM
2022-12-27 00:28:57.2107 DEBUG File Move Starts..27-Dec-22 12:28:57 AM
2022-12-27 00:28:57.3708 DEBUG File Move Ends..27-Dec-22 12:28:57 AM
2022-12-27 00:28:57.7195 DEBUG File Move Starts..27-Dec-22 12:28:57 AM
2022-12-27 00:28:57.9190 DEBUG File Move Ends..27-Dec-22 12:28:57 AM
2022-12-27 00:28:58.2281 DEBUG File Move Starts..27-Dec-22 12:28:58 AM
2022-12-27 00:28:58.3548 DEBUG File Move Ends..27-Dec-22 12:28:58 AM
2022-12-27 00:28:58.7334 DEBUG File Move Starts..27-Dec-22 12:28:58 AM
2022-12-27 00:28:58.9061 DEBUG File Move Ends..27-Dec-22 12:28:58 AM
2022-12-27 00:28:59.2390 DEBUG File Move Starts..27-Dec-22 12:28:59 AM
2022-12-27 00:28:59.3755 DEBUG File Move Ends..27-Dec-22 12:28:59 AM
2022-12-27 00:28:59.7445 DEBUG File Move Starts..27-Dec-22 12:28:59 AM
2022-12-27 00:28:59.9084 DEBUG File Move Ends..27-Dec-22 12:28:59 AM
2022-12-27 00:29:00.2521 DEBUG File Move Starts..27-Dec-22 12:29:00 AM
2022-12-27 00:29:00.4320 DEBUG File Move Ends..27-Dec-22 12:29:00 AM
2022-12-27 00:29:00.7561 DEBUG File Move Starts..27-Dec-22 12:29:00 AM
2022-12-27 00:29:00.8838 DEBUG File Move Ends..27-Dec-22 12:29:00 AM
2022-12-27 00:29:01.2839 DEBUG File Move Starts..27-Dec-22 12:29:01 AM
2022-12-27 00:29:01.4078 DEBUG File Move Ends..27-Dec-22 12:29:01 AM
2022-12-27 00:29:01.7883 DEBUG File Move Starts..27-Dec-22 12:29:01 AM
2022-12-27 00:29:01.9327 DEBUG File Move Ends..27-Dec-22 12:29:01 AM
2022-12-27 00:29:02.2984 DEBUG File Move Starts..27-Dec-22 12:29:02 AM
2022-12-27 00:29:02.4553 DEBUG File Move Ends..27-Dec-22 12:29:02 AM
2022-12-27 00:29:02.7991 DEBUG File Move Starts..27-Dec-22 12:29:02 AM
2022-12-27 00:29:02.9682 DEBUG File Move Ends..27-Dec-22 12:29:02 AM
2022-12-27 00:29:03.3144 DEBUG File Move Starts..27-Dec-22 12:29:03 AM
2022-12-27 00:29:03.4470 DEBUG File Move Ends..27-Dec-22 12:29:03 AM
2022-12-27 00:29:03.8185 DEBUG File Move Starts..27-Dec-22 12:29:03 AM
2022-12-27 00:29:03.9464 DEBUG File Move Ends..27-Dec-22 12:29:03 AM
2022-12-27 00:29:04.3214 DEBUG File Move Starts..27-Dec-22 12:29:04 AM
2022-12-27 00:29:04.4610 DEBUG File Move Ends..27-Dec-22 12:29:04 AM
2022-12-27 00:29:04.8360 DEBUG File Move Starts..27-Dec-22 12:29:04 AM
2022-12-27 00:29:04.9986 DEBUG File Move Ends..27-Dec-22 12:29:04 AM
2022-12-27 00:29:05.3510 DEBUG File Move Starts..27-Dec-22 12:29:05 AM
2022-12-27 00:29:05.5315 DEBUG File Move Ends..27-Dec-22 12:29:05 AM
2022-12-27 00:29:05.8597 DEBUG File Move Starts..27-Dec-22 12:29:05 AM
2022-12-27 00:29:06.0293 DEBUG File Move Ends..27-Dec-22 12:29:06 AM
2022-12-27 00:29:06.3684 DEBUG File Move Starts..27-Dec-22 12:29:06 AM
2022-12-27 00:29:06.5762 DEBUG File Move Ends..27-Dec-22 12:29:06 AM
2022-12-27 00:29:06.8816 DEBUG File Move Starts..27-Dec-22 12:29:06 AM
2022-12-27 00:29:07.0893 DEBUG File Move Ends..27-Dec-22 12:29:07 AM
2022-12-27 00:29:07.3859 DEBUG File Move Starts..27-Dec-22 12:29:07 AM
2022-12-27 00:29:07.5880 DEBUG File Move Ends..27-Dec-22 12:29:07 AM
2022-12-27 00:29:07.9032 DEBUG File Move Starts..27-Dec-22 12:29:07 AM
2022-12-27 00:29:08.0777 DEBUG File Move Ends..27-Dec-22 12:29:08 AM
2022-12-27 00:29:08.4108 DEBUG File Move Starts..27-Dec-22 12:29:08 AM
2022-12-27 00:29:08.5904 DEBUG File Move Ends..27-Dec-22 12:29:08 AM
2022-12-27 00:29:08.9122 DEBUG File Move Starts..27-Dec-22 12:29:08 AM
2022-12-27 00:29:09.0887 DEBUG File Move Ends..27-Dec-22 12:29:09 AM
2022-12-27 00:29:09.4169 DEBUG File Move Starts..27-Dec-22 12:29:09 AM
2022-12-27 00:29:09.5834 DEBUG File Move Ends..27-Dec-22 12:29:09 AM
2022-12-27 00:29:09.9248 DEBUG File Move Starts..27-Dec-22 12:29:09 AM
2022-12-27 00:29:10.0745 DEBUG File Move Ends..27-Dec-22 12:29:10 AM
2022-12-27 00:29:28.5128 DEBUG File Move Starts..27-Dec-22 12:29:28 AM
2022-12-27 00:29:28.7103 DEBUG File Move Ends..27-Dec-22 12:29:28 AM
2022-12-27 00:29:28.7103 DEBUG File Move Starts..27-Dec-22 12:29:28 AM
2022-12-27 00:29:28.9566 DEBUG File Move Ends..27-Dec-22 12:29:28 AM
2022-12-27 00:29:28.9616 DEBUG File Move Starts..27-Dec-22 12:29:28 AM
2022-12-27 00:29:29.1690 DEBUG File Move Ends..27-Dec-22 12:29:29 AM
2022-12-27 00:29:29.1690 DEBUG File Move Starts..27-Dec-22 12:29:29 AM
2022-12-27 00:29:29.4044 DEBUG File Move Ends..27-Dec-22 12:29:29 AM
2022-12-27 00:29:29.4044 DEBUG File Move Starts..27-Dec-22 12:29:29 AM
2022-12-27 00:29:29.6178 DEBUG File Move Ends..27-Dec-22 12:29:29 AM
2022-12-27 00:29:29.6178 DEBUG File Move Starts..27-Dec-22 12:29:29 AM
2022-12-27 00:29:29.8183 DEBUG File Move Ends..27-Dec-22 12:29:29 AM
2022-12-27 00:29:29.8183 DEBUG File Move Starts..27-Dec-22 12:29:29 AM
2022-12-27 00:29:30.0327 DEBUG File Move Ends..27-Dec-22 12:29:30 AM
2022-12-27 00:29:30.0377 DEBUG File Move Starts..27-Dec-22 12:29:30 AM
2022-12-27 00:29:30.2651 DEBUG File Move Ends..27-Dec-22 12:29:30 AM
2022-12-27 00:29:30.2651 DEBUG File Move Starts..27-Dec-22 12:29:30 AM
2022-12-27 00:29:30.4666 DEBUG File Move Ends..27-Dec-22 12:29:30 AM
2022-12-27 00:29:30.4666 DEBUG File Move Starts..27-Dec-22 12:29:30 AM
2022-12-27 00:29:30.6989 DEBUG File Move Ends..27-Dec-22 12:29:30 AM
2022-12-27 00:29:30.6989 DEBUG File Move Starts..27-Dec-22 12:29:30 AM
2022-12-27 00:29:30.9303 DEBUG File Move Ends..27-Dec-22 12:29:30 AM
2022-12-27 00:29:30.9303 DEBUG File Move Starts..27-Dec-22 12:29:30 AM
2022-12-27 00:29:31.1597 DEBUG File Move Ends..27-Dec-22 12:29:31 AM
2022-12-27 00:29:31.1637 DEBUG File Move Starts..27-Dec-22 12:29:31 AM
2022-12-27 00:29:31.3901 DEBUG File Move Ends..27-Dec-22 12:29:31 AM
2022-12-27 00:29:31.3981 DEBUG File Move Starts..27-Dec-22 12:29:31 AM
2022-12-27 00:29:31.5985 DEBUG File Move Ends..27-Dec-22 12:29:31 AM
2022-12-27 00:29:31.6025 DEBUG File Move Starts..27-Dec-22 12:29:31 AM
2022-12-27 00:29:31.8170 DEBUG File Move Ends..27-Dec-22 12:29:31 AM
2022-12-27 00:29:31.8229 DEBUG File Move Starts..27-Dec-22 12:29:31 AM
2022-12-27 00:29:32.0274 DEBUG File Move Ends..27-Dec-22 12:29:32 AM
2022-12-27 00:29:32.0274 DEBUG File Move Starts..27-Dec-22 12:29:32 AM
2022-12-27 00:29:32.2289 DEBUG File Move Ends..27-Dec-22 12:29:32 AM
2022-12-27 00:29:32.2289 DEBUG File Move Starts..27-Dec-22 12:29:32 AM
2022-12-27 00:29:32.4393 DEBUG File Move Ends..27-Dec-22 12:29:32 AM
2022-12-27 00:29:32.5989 DEBUG File Move Starts..27-Dec-22 12:29:32 AM
2022-12-27 00:29:32.7485 DEBUG File Move Ends..27-Dec-22 12:29:32 AM
2022-12-27 00:29:33.1135 DEBUG File Move Starts..27-Dec-22 12:29:33 AM
2022-12-27 00:29:33.2701 DEBUG File Move Ends..27-Dec-22 12:29:33 AM
2022-12-27 00:29:33.6211 DEBUG File Move Starts..27-Dec-22 12:29:33 AM
2022-12-27 00:29:33.7697 DEBUG File Move Ends..27-Dec-22 12:29:33 AM
2022-12-27 00:29:34.1238 DEBUG File Move Starts..27-Dec-22 12:29:34 AM
2022-12-27 00:29:34.2624 DEBUG File Move Ends..27-Dec-22 12:29:34 AM
2022-12-27 00:29:34.6364 DEBUG File Move Starts..27-Dec-22 12:29:34 AM
2022-12-27 00:29:34.7800 DEBUG File Move Ends..27-Dec-22 12:29:34 AM
2022-12-27 00:29:35.1610 DEBUG File Move Starts..27-Dec-22 12:29:35 AM
2022-12-27 00:29:35.3036 DEBUG File Move Ends..27-Dec-22 12:29:35 AM
2022-12-27 00:29:35.6756 DEBUG File Move Starts..27-Dec-22 12:29:35 AM
2022-12-27 00:29:35.8212 DEBUG File Move Ends..27-Dec-22 12:29:35 AM
2022-12-27 00:29:36.1814 DEBUG File Move Starts..27-Dec-22 12:29:36 AM
2022-12-27 00:29:36.3660 DEBUG File Move Ends..27-Dec-22 12:29:36 AM
2022-12-27 00:29:36.6913 DEBUG File Move Starts..27-Dec-22 12:29:36 AM
2022-12-27 00:29:36.8564 DEBUG File Move Ends..27-Dec-22 12:29:36 AM
2022-12-27 00:29:37.1993 DEBUG File Move Starts..27-Dec-22 12:29:37 AM
2022-12-27 00:29:37.3868 DEBUG File Move Ends..27-Dec-22 12:29:37 AM
2022-12-27 00:29:37.7130 DEBUG File Move Starts..27-Dec-22 12:29:37 AM
2022-12-27 00:29:37.9014 DEBUG File Move Ends..27-Dec-22 12:29:37 AM
2022-12-27 00:29:38.2238 DEBUG File Move Starts..27-Dec-22 12:29:38 AM
2022-12-27 00:29:38.3658 DEBUG File Move Ends..27-Dec-22 12:29:38 AM
2022-12-27 00:29:38.7303 DEBUG File Move Starts..27-Dec-22 12:29:38 AM
2022-12-27 00:29:38.9003 DEBUG File Move Ends..27-Dec-22 12:29:38 AM
2022-12-27 00:29:39.2408 DEBUG File Move Starts..27-Dec-22 12:29:39 AM
2022-12-27 00:29:39.3811 DEBUG File Move Ends..27-Dec-22 12:29:39 AM
2022-12-27 00:29:39.7545 DEBUG File Move Starts..27-Dec-22 12:29:39 AM
2022-12-27 00:29:39.9207 DEBUG File Move Ends..27-Dec-22 12:29:39 AM
2022-12-27 00:29:40.2648 DEBUG File Move Starts..27-Dec-22 12:29:40 AM
2022-12-27 00:29:40.4576 DEBUG File Move Ends..27-Dec-22 12:29:40 AM
2022-12-27 00:29:40.7730 DEBUG File Move Starts..27-Dec-22 12:29:40 AM
2022-12-27 00:29:40.9714 DEBUG File Move Ends..27-Dec-22 12:29:40 AM
2022-12-27 00:29:41.2813 DEBUG File Move Starts..27-Dec-22 12:29:41 AM
2022-12-27 00:29:41.4903 DEBUG File Move Ends..27-Dec-22 12:29:41 AM
2022-12-27 00:29:41.8003 DEBUG File Move Starts..27-Dec-22 12:29:41 AM
2022-12-27 00:29:42.0036 DEBUG File Move Ends..27-Dec-22 12:29:42 AM
2022-12-27 00:29:42.3116 DEBUG File Move Starts..27-Dec-22 12:29:42 AM
2022-12-27 00:29:42.4617 DEBUG File Move Ends..27-Dec-22 12:29:42 AM
2022-12-27 00:29:42.8232 DEBUG File Move Starts..27-Dec-22 12:29:42 AM
2022-12-27 00:29:43.1282 DEBUG File Move Ends..27-Dec-22 12:29:43 AM
2022-12-27 00:29:43.3377 DEBUG File Move Starts..27-Dec-22 12:29:43 AM
2022-12-27 00:29:43.4822 DEBUG File Move Ends..27-Dec-22 12:29:43 AM
2022-12-27 00:29:43.8592 DEBUG File Move Starts..27-Dec-22 12:29:43 AM
2022-12-27 00:29:44.0323 DEBUG File Move Ends..27-Dec-22 12:29:44 AM
2022-12-27 00:29:44.3670 DEBUG File Move Starts..27-Dec-22 12:29:44 AM
2022-12-27 00:29:44.5171 DEBUG File Move Ends..27-Dec-22 12:29:44 AM
2022-12-27 00:29:44.8731 DEBUG File Move Starts..27-Dec-22 12:29:44 AM
2022-12-27 00:29:45.0205 DEBUG File Move Ends..27-Dec-22 12:29:45 AM
2022-12-27 00:29:45.3858 DEBUG File Move Starts..27-Dec-22 12:29:45 AM
2022-12-27 00:29:45.5262 DEBUG File Move Ends..27-Dec-22 12:29:45 AM
2022-12-27 00:29:45.9001 DEBUG File Move Starts..27-Dec-22 12:29:45 AM
2022-12-27 00:29:46.0912 DEBUG File Move Ends..27-Dec-22 12:29:46 AM
2022-12-27 00:29:46.4294 DEBUG File Move Starts..27-Dec-22 12:29:46 AM
2022-12-27 00:29:46.6222 DEBUG File Move Ends..27-Dec-22 12:29:46 AM
2022-12-27 00:29:46.9335 DEBUG File Move Starts..27-Dec-22 12:29:46 AM
2022-12-27 00:29:47.1287 DEBUG File Move Ends..27-Dec-22 12:29:47 AM
2022-12-27 00:29:47.4379 DEBUG File Move Starts..27-Dec-22 12:29:47 AM
2022-12-27 00:29:47.6313 DEBUG File Move Ends..27-Dec-22 12:29:47 AM
2022-12-27 00:29:47.9546 DEBUG File Move Starts..27-Dec-22 12:29:47 AM
2022-12-27 00:29:48.1573 DEBUG File Move Ends..27-Dec-22 12:29:48 AM
2022-12-27 00:29:48.4663 DEBUG File Move Starts..27-Dec-22 12:29:48 AM
2022-12-27 00:29:48.6469 DEBUG File Move Ends..27-Dec-22 12:29:48 AM
2022-12-27 00:29:48.9709 DEBUG File Move Starts..27-Dec-22 12:29:48 AM
2022-12-27 00:29:49.1840 DEBUG File Move Ends..27-Dec-22 12:29:49 AM
2022-12-27 00:29:49.4744 DEBUG File Move Starts..27-Dec-22 12:29:49 AM
2022-12-27 00:29:49.6929 DEBUG File Move Ends..27-Dec-22 12:29:49 AM
2022-12-27 00:29:49.9983 DEBUG File Move Starts..27-Dec-22 12:29:49 AM
2022-12-27 00:29:50.1815 DEBUG File Move Ends..27-Dec-22 12:29:50 AM
2022-12-27 00:29:50.5152 DEBUG File Move Starts..27-Dec-22 12:29:50 AM
2022-12-27 00:29:50.7056 DEBUG File Move Ends..27-Dec-22 12:29:50 AM
2022-12-27 00:29:51.0231 DEBUG File Move Starts..27-Dec-22 12:29:51 AM
2022-12-27 00:29:51.2121 DEBUG File Move Ends..27-Dec-22 12:29:51 AM
2022-12-27 00:29:51.5294 DEBUG File Move Starts..27-Dec-22 12:29:51 AM
2022-12-27 00:29:51.7174 DEBUG File Move Ends..27-Dec-22 12:29:51 AM
2022-12-27 00:29:52.0558 DEBUG File Move Starts..27-Dec-22 12:29:52 AM
2022-12-27 00:29:52.2360 DEBUG File Move Ends..27-Dec-22 12:29:52 AM
2022-12-27 00:29:52.5585 DEBUG File Move Starts..27-Dec-22 12:29:52 AM
2022-12-27 00:29:52.7538 DEBUG File Move Ends..27-Dec-22 12:29:52 AM
2022-12-27 00:29:53.0825 DEBUG File Move Starts..27-Dec-22 12:29:53 AM
2022-12-27 00:29:53.2671 DEBUG File Move Ends..27-Dec-22 12:29:53 AM
2022-12-27 00:29:53.5836 DEBUG File Move Starts..27-Dec-22 12:29:53 AM
2022-12-27 00:29:53.7774 DEBUG File Move Ends..27-Dec-22 12:29:53 AM
2022-12-27 00:29:54.0925 DEBUG File Move Starts..27-Dec-22 12:29:54 AM
2022-12-27 00:29:54.2460 DEBUG File Move Ends..27-Dec-22 12:29:54 AM
2022-12-27 00:29:54.6117 DEBUG File Move Starts..27-Dec-22 12:29:54 AM
2022-12-27 00:29:54.7534 DEBUG File Move Ends..27-Dec-22 12:29:54 AM
2022-12-27 00:29:55.1188 DEBUG File Move Starts..27-Dec-22 12:29:55 AM
2022-12-27 00:29:55.3044 DEBUG File Move Ends..27-Dec-22 12:29:55 AM
2022-12-27 00:29:55.6389 DEBUG File Move Starts..27-Dec-22 12:29:55 AM
2022-12-27 00:29:55.8306 DEBUG File Move Ends..27-Dec-22 12:29:55 AM
2022-12-27 00:29:56.1561 DEBUG File Move Starts..27-Dec-22 12:29:56 AM
2022-12-27 00:29:56.3009 DEBUG File Move Ends..27-Dec-22 12:29:56 AM
2022-12-27 00:29:56.6627 DEBUG File Move Starts..27-Dec-22 12:29:56 AM
2022-12-27 00:29:56.8654 DEBUG File Move Ends..27-Dec-22 12:29:56 AM
2022-12-27 00:29:57.1713 DEBUG File Move Starts..27-Dec-22 12:29:57 AM
2022-12-27 00:29:57.3187 DEBUG File Move Ends..27-Dec-22 12:29:57 AM
2022-12-27 00:29:57.6795 DEBUG File Move Starts..27-Dec-22 12:29:57 AM
2022-12-27 00:29:57.8702 DEBUG File Move Ends..27-Dec-22 12:29:57 AM
2022-12-27 00:29:58.1992 DEBUG File Move Starts..27-Dec-22 12:29:58 AM
2022-12-27 00:29:58.3431 DEBUG File Move Ends..27-Dec-22 12:29:58 AM
2022-12-27 00:29:58.7068 DEBUG File Move Starts..27-Dec-22 12:29:58 AM
2022-12-27 00:29:58.8892 DEBUG File Move Ends..27-Dec-22 12:29:58 AM
2022-12-27 00:29:59.2087 DEBUG File Move Starts..27-Dec-22 12:29:59 AM
2022-12-27 00:29:59.3961 DEBUG File Move Ends..27-Dec-22 12:29:59 AM
2022-12-27 00:29:59.7091 DEBUG File Move Starts..27-Dec-22 12:29:59 AM
2022-12-27 00:29:59.9265 DEBUG File Move Ends..27-Dec-22 12:29:59 AM
2022-12-27 00:30:00.2131 DEBUG File Move Starts..27-Dec-22 12:30:00 AM
2022-12-27 00:30:00.4100 DEBUG File Move Ends..27-Dec-22 12:30:00 AM
2022-12-27 00:30:00.7174 DEBUG File Move Starts..27-Dec-22 12:30:00 AM
2022-12-27 00:30:00.8779 DEBUG File Move Ends..27-Dec-22 12:30:00 AM
2022-12-27 00:30:01.2408 DEBUG File Move Starts..27-Dec-22 12:30:01 AM
2022-12-27 00:30:01.4186 DEBUG File Move Ends..27-Dec-22 12:30:01 AM
2022-12-27 00:30:01.7464 DEBUG File Move Starts..27-Dec-22 12:30:01 AM
2022-12-27 00:30:01.9474 DEBUG File Move Ends..27-Dec-22 12:30:01 AM
2022-12-27 00:30:02.2555 DEBUG File Move Starts..27-Dec-22 12:30:02 AM
2022-12-27 00:30:02.5031 DEBUG File Move Ends..27-Dec-22 12:30:02 AM
2022-12-27 00:30:02.7593 DEBUG File Move Starts..27-Dec-22 12:30:02 AM
2022-12-27 00:30:02.9761 DEBUG File Move Ends..27-Dec-22 12:30:02 AM
2022-12-27 00:30:03.2687 DEBUG File Move Starts..27-Dec-22 12:30:03 AM
2022-12-27 00:30:03.4550 DEBUG File Move Ends..27-Dec-22 12:30:03 AM
2022-12-27 00:30:03.7751 DEBUG File Move Starts..27-Dec-22 12:30:03 AM
2022-12-27 00:30:03.9275 DEBUG File Move Ends..27-Dec-22 12:30:03 AM
2022-12-27 00:30:04.2826 DEBUG File Move Starts..27-Dec-22 12:30:04 AM
2022-12-27 00:30:04.4680 DEBUG File Move Ends..27-Dec-22 12:30:04 AM
2022-12-27 00:30:04.7892 DEBUG File Move Starts..27-Dec-22 12:30:04 AM
2022-12-27 00:30:04.9477 DEBUG File Move Ends..27-Dec-22 12:30:04 AM
2022-12-27 00:30:05.3045 DEBUG File Move Starts..27-Dec-22 12:30:05 AM
2022-12-27 00:30:05.4588 DEBUG File Move Ends..27-Dec-22 12:30:05 AM
2022-12-27 00:30:05.8064 DEBUG File Move Starts..27-Dec-22 12:30:05 AM
2022-12-27 00:30:05.9879 DEBUG File Move Ends..27-Dec-22 12:30:05 AM
2022-12-27 00:30:06.3230 DEBUG File Move Starts..27-Dec-22 12:30:06 AM
2022-12-27 00:30:06.5234 DEBUG File Move Ends..27-Dec-22 12:30:06 AM
2022-12-27 00:30:06.8210 DEBUG File Move Starts..27-Dec-22 12:30:06 AM
2022-12-27 00:30:06.9671 DEBUG File Move Ends..27-Dec-22 12:30:06 AM
2022-12-27 00:30:07.3331 DEBUG File Move Starts..27-Dec-22 12:30:07 AM
2022-12-27 00:30:07.5243 DEBUG File Move Ends..27-Dec-22 12:30:07 AM
2022-12-27 00:30:07.8379 DEBUG File Move Starts..27-Dec-22 12:30:07 AM
2022-12-27 00:30:08.0304 DEBUG File Move Ends..27-Dec-22 12:30:08 AM
2022-12-27 00:30:08.3473 DEBUG File Move Starts..27-Dec-22 12:30:08 AM
2022-12-27 00:30:08.5663 DEBUG File Move Ends..27-Dec-22 12:30:08 AM
2022-12-27 00:30:08.8500 DEBUG File Move Starts..27-Dec-22 12:30:08 AM
2022-12-27 00:30:09.0047 DEBUG File Move Ends..27-Dec-22 12:30:09 AM
2022-12-27 00:30:09.3533 DEBUG File Move Starts..27-Dec-22 12:30:09 AM
2022-12-27 00:30:09.5499 DEBUG File Move Ends..27-Dec-22 12:30:09 AM
2022-12-27 00:30:09.8670 DEBUG File Move Starts..27-Dec-22 12:30:09 AM
2022-12-27 00:30:10.0127 DEBUG File Move Ends..27-Dec-22 12:30:10 AM
2022-12-27 00:30:10.3787 DEBUG File Move Starts..27-Dec-22 12:30:10 AM
2022-12-27 00:30:10.5910 DEBUG File Move Ends..27-Dec-22 12:30:10 AM
2022-12-27 00:30:10.8877 DEBUG File Move Starts..27-Dec-22 12:30:10 AM
2022-12-27 00:30:11.0861 DEBUG File Move Ends..27-Dec-22 12:30:11 AM
2022-12-27 00:30:11.3905 DEBUG File Move Starts..27-Dec-22 12:30:11 AM
2022-12-27 00:30:11.5939 DEBUG File Move Ends..27-Dec-22 12:30:11 AM
2022-12-27 00:30:11.9082 DEBUG File Move Starts..27-Dec-22 12:30:11 AM
2022-12-27 00:30:12.1266 DEBUG File Move Ends..27-Dec-22 12:30:12 AM
2022-12-27 00:30:12.4174 DEBUG File Move Starts..27-Dec-22 12:30:12 AM
2022-12-27 00:30:12.6478 DEBUG File Move Ends..27-Dec-22 12:30:12 AM
2022-12-27 00:30:12.9247 DEBUG File Move Starts..27-Dec-22 12:30:12 AM
2022-12-27 00:30:13.1311 DEBUG File Move Ends..27-Dec-22 12:30:13 AM
2022-12-27 00:30:13.4300 DEBUG File Move Starts..27-Dec-22 12:30:13 AM
2022-12-27 00:30:13.6723 DEBUG File Move Ends..27-Dec-22 12:30:13 AM
2022-12-27 00:30:13.9477 DEBUG File Move Starts..27-Dec-22 12:30:13 AM
2022-12-27 00:30:14.1512 DEBUG File Move Ends..27-Dec-22 12:30:14 AM
2022-12-27 00:30:14.4576 DEBUG File Move Starts..27-Dec-22 12:30:14 AM
2022-12-27 00:30:14.6840 DEBUG File Move Ends..27-Dec-22 12:30:14 AM
2022-12-27 00:30:14.9583 DEBUG File Move Starts..27-Dec-22 12:30:14 AM
2022-12-27 00:30:15.1558 DEBUG File Move Ends..27-Dec-22 12:30:15 AM
2022-12-27 00:30:15.4681 DEBUG File Move Starts..27-Dec-22 12:30:15 AM
2022-12-27 00:30:15.6725 DEBUG File Move Ends..27-Dec-22 12:30:15 AM
2022-12-27 00:30:15.9735 DEBUG File Move Starts..27-Dec-22 12:30:15 AM
2022-12-27 00:30:16.2195 DEBUG File Move Ends..27-Dec-22 12:30:16 AM
2022-12-27 00:30:16.4818 DEBUG File Move Starts..27-Dec-22 12:30:16 AM
2022-12-27 00:30:16.6561 DEBUG File Move Ends..27-Dec-22 12:30:16 AM
2022-12-27 00:30:16.9881 DEBUG File Move Starts..27-Dec-22 12:30:16 AM
2022-12-27 00:30:17.1748 DEBUG File Move Ends..27-Dec-22 12:30:17 AM
2022-12-27 00:30:17.4998 DEBUG File Move Starts..27-Dec-22 12:30:17 AM
2022-12-27 00:30:17.6634 DEBUG File Move Ends..27-Dec-22 12:30:17 AM
2022-12-27 00:30:18.0041 DEBUG File Move Starts..27-Dec-22 12:30:18 AM
2022-12-27 00:30:18.1658 DEBUG File Move Ends..27-Dec-22 12:30:18 AM
2022-12-27 00:30:18.5153 DEBUG File Move Starts..27-Dec-22 12:30:18 AM
2022-12-27 00:30:18.6789 DEBUG File Move Ends..27-Dec-22 12:30:18 AM
2022-12-27 00:30:19.0227 DEBUG File Move Starts..27-Dec-22 12:30:19 AM
2022-12-27 00:30:19.1915 DEBUG File Move Ends..27-Dec-22 12:30:19 AM
2022-12-27 00:30:19.5277 DEBUG File Move Starts..27-Dec-22 12:30:19 AM
2022-12-27 00:30:19.7289 DEBUG File Move Ends..27-Dec-22 12:30:19 AM
2022-12-27 00:30:20.0426 DEBUG File Move Starts..27-Dec-22 12:30:20 AM
2022-12-27 00:30:20.2480 DEBUG File Move Ends..27-Dec-22 12:30:20 AM
2022-12-27 00:30:20.5480 DEBUG File Move Starts..27-Dec-22 12:30:20 AM
2022-12-27 00:30:20.7683 DEBUG File Move Ends..27-Dec-22 12:30:20 AM
2022-12-27 00:30:21.0547 DEBUG File Move Starts..27-Dec-22 12:30:21 AM
2022-12-27 00:30:21.2556 DEBUG File Move Ends..27-Dec-22 12:30:21 AM
2022-12-27 00:30:21.5653 DEBUG File Move Starts..27-Dec-22 12:30:21 AM
2022-12-27 00:30:21.7359 DEBUG File Move Ends..27-Dec-22 12:30:21 AM
2022-12-27 00:30:22.0650 DEBUG File Move Starts..27-Dec-22 12:30:22 AM
2022-12-27 00:30:22.2260 DEBUG File Move Ends..27-Dec-22 12:30:22 AM
2022-12-27 00:30:22.5722 DEBUG File Move Starts..27-Dec-22 12:30:22 AM
2022-12-27 00:30:22.7576 DEBUG File Move Ends..27-Dec-22 12:30:22 AM
2022-12-27 20:00:00.0420 DEBUG Company id - 0
2022-12-27 20:00:00.3422 ERROR Get All AD Users..AD Error..Unknown error (0x80005000)
