2023-03-03 13:20:50.7607 DEBUG 27-Dec-22 12:00:00 AM
2023-03-03 13:20:50.8685 DEBUG 31-Mar-23 12:00:00 AM
2023-03-03 13:23:35.9628 DEBUG File Move Starts..03-Mar-23 1:23:35 PM
2023-03-03 13:23:49.8098 DEBUG File Move Ends..03-Mar-23 1:23:49 PM
2023-03-03 13:23:49.8158 DEBUG File Move Starts..03-Mar-23 1:23:49 PM
2023-03-03 13:24:45.6343 ERROR Exception Occurs...Collection was modified; enumeration operation may not execute.....   at DataRooms.UI.Code.FileManager.<UpdateDataRoomSize>d__17.MoveNext() in C:\Working Projects\SharBox\DataRooms.UI\Code\FileManager.cs:line 237
--- End of stack trace from previous location where exception was thrown ---
   at System.Runtime.ExceptionServices.ExceptionDispatchInfo.Throw()
   at System.Runtime.CompilerServices.TaskAwaiter.HandleNonSuccessAndDebuggerNotification(Task task)
   at System.Runtime.CompilerServices.TaskAwaiter.GetResult()
   at DataRooms.UI.Areas.Files.Controllers.ManageFileController.<Edit>d__34.MoveNext() in C:\Working Projects\SharBox\DataRooms.UI\Areas\Files\Controllers\ManageFileController.cs:line 271
2023-03-03 13:24:45.6901 DEBUG File Move Starts..03-Mar-23 1:24:45 PM
2023-03-03 13:24:45.8906 DEBUG File Move Ends..03-Mar-23 1:24:45 PM
2023-03-03 13:24:45.8906 DEBUG File Move Starts..03-Mar-23 1:24:45 PM
2023-03-03 13:24:46.8331 DEBUG File Move Ends..03-Mar-23 1:24:46 PM
2023-03-03 13:24:46.8510 DEBUG File Move Starts..03-Mar-23 1:24:46 PM
2023-03-03 13:24:47.7366 DEBUG File Move Ends..03-Mar-23 1:24:47 PM
2023-03-03 13:24:47.7488 DEBUG File Move Starts..03-Mar-23 1:24:47 PM
2023-03-03 13:24:48.8267 DEBUG File Move Ends..03-Mar-23 1:24:48 PM
2023-03-03 13:24:48.8317 DEBUG File Move Starts..03-Mar-23 1:24:48 PM
2023-03-03 13:24:49.6426 DEBUG File Move Ends..03-Mar-23 1:24:49 PM
2023-03-03 13:24:49.6426 DEBUG File Move Starts..03-Mar-23 1:24:49 PM
2023-03-03 13:24:50.4105 DEBUG File Move Ends..03-Mar-23 1:24:50 PM
2023-03-03 13:24:50.4304 DEBUG File Move Starts..03-Mar-23 1:24:50 PM
2023-03-03 13:24:51.2413 DEBUG File Move Ends..03-Mar-23 1:24:51 PM
2023-03-03 13:24:51.2642 DEBUG File Move Starts..03-Mar-23 1:24:51 PM
2023-03-03 13:24:51.9963 DEBUG File Move Ends..03-Mar-23 1:24:51 PM
2023-03-03 13:24:52.0382 DEBUG File Move Starts..03-Mar-23 1:24:52 PM
2023-03-03 13:24:52.8231 DEBUG File Move Ends..03-Mar-23 1:24:52 PM
2023-03-03 13:24:52.8630 DEBUG File Move Starts..03-Mar-23 1:24:52 PM
2023-03-03 13:24:53.6310 DEBUG File Move Ends..03-Mar-23 1:24:53 PM
2023-03-03 13:24:53.6558 DEBUG File Move Starts..03-Mar-23 1:24:53 PM
2023-03-03 13:24:54.4514 DEBUG File Move Ends..03-Mar-23 1:24:54 PM
2023-03-03 13:24:54.4813 DEBUG File Move Starts..03-Mar-23 1:24:54 PM
2023-03-03 13:24:55.3121 DEBUG File Move Ends..03-Mar-23 1:24:55 PM
2023-03-03 13:24:55.3321 DEBUG File Move Starts..03-Mar-23 1:24:55 PM
2023-03-03 13:24:56.1149 DEBUG File Move Ends..03-Mar-23 1:24:56 PM
2023-03-03 13:24:56.1718 DEBUG File Move Starts..03-Mar-23 1:24:56 PM
2023-03-03 13:24:56.9447 DEBUG File Move Ends..03-Mar-23 1:24:56 PM
2023-03-03 13:24:56.9646 DEBUG File Move Starts..03-Mar-23 1:24:56 PM
2023-03-03 13:24:57.8293 DEBUG File Move Ends..03-Mar-23 1:24:57 PM
2023-03-03 13:24:57.8533 DEBUG File Move Starts..03-Mar-23 1:24:57 PM
2023-03-03 13:24:58.7489 DEBUG File Move Ends..03-Mar-23 1:24:58 PM
2023-03-03 13:24:58.7768 DEBUG File Move Starts..03-Mar-23 1:24:58 PM
2023-03-03 13:24:59.5651 DEBUG File Move Ends..03-Mar-23 1:24:59 PM
2023-03-03 13:24:59.5986 DEBUG File Move Starts..03-Mar-23 1:24:59 PM
2023-03-03 13:25:00.4316 DEBUG File Move Ends..03-Mar-23 1:25:00 PM
2023-03-03 13:25:00.4495 DEBUG File Move Starts..03-Mar-23 1:25:00 PM
2023-03-03 13:25:01.3272 DEBUG File Move Ends..03-Mar-23 1:25:01 PM
2023-03-03 13:25:01.3661 DEBUG File Move Starts..03-Mar-23 1:25:01 PM
2023-03-03 13:25:02.1640 DEBUG File Move Ends..03-Mar-23 1:25:02 PM
2023-03-03 13:25:02.1809 DEBUG File Move Starts..03-Mar-23 1:25:02 PM
2023-03-03 13:25:03.0157 DEBUG File Move Ends..03-Mar-23 1:25:03 PM
2023-03-03 13:25:03.0406 DEBUG File Move Starts..03-Mar-23 1:25:03 PM
2023-03-03 13:25:03.8664 DEBUG File Move Ends..03-Mar-23 1:25:03 PM
2023-03-03 13:25:03.8943 DEBUG File Move Starts..03-Mar-23 1:25:03 PM
2023-03-03 13:25:04.7038 DEBUG File Move Ends..03-Mar-23 1:25:04 PM
2023-03-03 13:25:04.7467 DEBUG File Move Starts..03-Mar-23 1:25:04 PM
2023-03-03 13:25:05.4528 DEBUG File Move Ends..03-Mar-23 1:25:05 PM
2023-03-03 13:25:05.4817 DEBUG File Move Starts..03-Mar-23 1:25:05 PM
2023-03-03 13:25:06.4084 DEBUG File Move Ends..03-Mar-23 1:25:06 PM
2023-03-03 13:25:06.4501 DEBUG File Move Starts..03-Mar-23 1:25:06 PM
2023-03-03 13:25:07.4684 DEBUG File Move Ends..03-Mar-23 1:25:07 PM
2023-03-03 13:25:07.5123 DEBUG File Move Starts..03-Mar-23 1:25:07 PM
2023-03-03 13:25:08.3352 DEBUG File Move Ends..03-Mar-23 1:25:08 PM
2023-03-03 13:25:08.3631 DEBUG File Move Starts..03-Mar-23 1:25:08 PM
2023-03-03 13:25:09.2027 DEBUG File Move Ends..03-Mar-23 1:25:09 PM
2023-03-03 13:25:09.2426 DEBUG File Move Starts..03-Mar-23 1:25:09 PM
2023-03-03 13:25:10.2011 DEBUG File Move Ends..03-Mar-23 1:25:10 PM
2023-03-03 13:25:10.2390 DEBUG File Move Starts..03-Mar-23 1:25:10 PM
2023-03-03 13:25:11.2463 DEBUG File Move Ends..03-Mar-23 1:25:11 PM
2023-03-03 13:25:11.2872 DEBUG File Move Starts..03-Mar-23 1:25:11 PM
2023-03-03 13:25:12.2458 DEBUG File Move Ends..03-Mar-23 1:25:12 PM
2023-03-03 13:25:12.2868 DEBUG File Move Starts..03-Mar-23 1:25:12 PM
2023-03-03 13:25:13.1833 DEBUG File Move Ends..03-Mar-23 1:25:13 PM
2023-03-03 13:25:13.2043 DEBUG File Move Starts..03-Mar-23 1:25:13 PM
2023-03-03 13:25:14.2027 DEBUG File Move Ends..03-Mar-23 1:25:14 PM
2023-03-03 13:25:14.2405 DEBUG File Move Starts..03-Mar-23 1:25:14 PM
2023-03-03 13:25:15.2588 DEBUG File Move Ends..03-Mar-23 1:25:15 PM
2023-03-03 13:25:15.3017 DEBUG File Move Starts..03-Mar-23 1:25:15 PM
2023-03-03 13:25:16.2701 DEBUG File Move Ends..03-Mar-23 1:25:16 PM
2023-03-03 13:25:16.3112 DEBUG File Move Starts..03-Mar-23 1:25:16 PM
2023-03-03 13:25:17.1687 DEBUG File Move Ends..03-Mar-23 1:25:17 PM
2023-03-03 13:25:17.1917 DEBUG File Move Starts..03-Mar-23 1:25:17 PM
2023-03-03 13:25:18.2598 DEBUG File Move Ends..03-Mar-23 1:25:18 PM
2023-03-03 13:25:18.2917 DEBUG File Move Starts..03-Mar-23 1:25:18 PM
2023-03-03 13:25:19.1883 DEBUG File Move Ends..03-Mar-23 1:25:19 PM
2023-03-03 13:25:19.2252 DEBUG File Move Starts..03-Mar-23 1:25:19 PM
2023-03-03 13:25:20.1507 DEBUG File Move Ends..03-Mar-23 1:25:20 PM
2023-03-03 13:25:20.1797 DEBUG File Move Starts..03-Mar-23 1:25:20 PM
2023-03-03 13:25:21.0259 DEBUG File Move Ends..03-Mar-23 1:25:21 PM
2023-03-03 13:25:21.0463 DEBUG File Move Starts..03-Mar-23 1:25:21 PM
2023-03-03 13:25:21.9948 DEBUG File Move Ends..03-Mar-23 1:25:21 PM
2023-03-03 13:25:22.0307 DEBUG File Move Starts..03-Mar-23 1:25:22 PM
2023-03-03 13:25:22.9686 DEBUG File Move Ends..03-Mar-23 1:25:22 PM
2023-03-03 13:25:23.0141 DEBUG File Move Starts..03-Mar-23 1:25:23 PM
2023-03-03 13:25:23.8708 DEBUG File Move Ends..03-Mar-23 1:25:23 PM
2023-03-03 13:25:23.9107 DEBUG File Move Starts..03-Mar-23 1:25:23 PM
2023-03-03 13:25:24.7083 DEBUG File Move Ends..03-Mar-23 1:25:24 PM
2023-03-03 13:25:24.7492 DEBUG File Move Starts..03-Mar-23 1:25:24 PM
2023-03-03 13:25:25.7924 DEBUG File Move Ends..03-Mar-23 1:25:25 PM
2023-03-03 13:25:25.8389 DEBUG File Move Starts..03-Mar-23 1:25:25 PM
2023-03-03 13:25:26.7300 DEBUG File Move Ends..03-Mar-23 1:25:26 PM
2023-03-03 13:25:26.7699 DEBUG File Move Starts..03-Mar-23 1:25:26 PM
2023-03-03 13:25:27.8201 DEBUG File Move Ends..03-Mar-23 1:25:27 PM
2023-03-03 13:25:27.8615 DEBUG File Move Starts..03-Mar-23 1:25:27 PM
2023-03-03 13:25:28.8812 DEBUG File Move Ends..03-Mar-23 1:25:28 PM
2023-03-03 13:25:28.9181 DEBUG File Move Starts..03-Mar-23 1:25:28 PM
2023-03-03 13:25:29.8775 DEBUG File Move Ends..03-Mar-23 1:25:29 PM
2023-03-03 13:25:29.8775 DEBUG File Move Starts..03-Mar-23 1:25:29 PM
2023-03-03 13:25:30.8858 DEBUG File Move Ends..03-Mar-23 1:25:30 PM
2023-03-03 13:25:30.9267 DEBUG File Move Starts..03-Mar-23 1:25:30 PM
2023-03-03 13:25:31.9460 DEBUG File Move Ends..03-Mar-23 1:25:31 PM
2023-03-03 13:25:31.9889 DEBUG File Move Starts..03-Mar-23 1:25:31 PM
2023-03-03 13:25:33.0042 DEBUG File Move Ends..03-Mar-23 1:25:33 PM
2023-03-03 13:25:33.0451 DEBUG File Move Starts..03-Mar-23 1:25:33 PM
2023-03-03 13:25:34.1465 DEBUG File Move Ends..03-Mar-23 1:25:34 PM
2023-03-03 13:25:34.1864 DEBUG File Move Starts..03-Mar-23 1:25:34 PM
2023-03-03 13:25:35.1498 DEBUG File Move Ends..03-Mar-23 1:25:35 PM
2023-03-03 13:25:35.1904 DEBUG File Move Starts..03-Mar-23 1:25:35 PM
2023-03-03 13:25:36.1870 DEBUG File Move Ends..03-Mar-23 1:25:36 PM
2023-03-03 13:25:36.2259 DEBUG File Move Starts..03-Mar-23 1:25:36 PM
2023-03-03 13:25:37.2762 DEBUG File Move Ends..03-Mar-23 1:25:37 PM
2023-03-03 13:25:37.3180 DEBUG File Move Starts..03-Mar-23 1:25:37 PM
2023-03-03 13:25:38.2255 DEBUG File Move Ends..03-Mar-23 1:25:38 PM
2023-03-03 13:25:38.2634 DEBUG File Move Starts..03-Mar-23 1:25:38 PM
2023-03-03 13:25:39.1969 DEBUG File Move Ends..03-Mar-23 1:25:39 PM
2023-03-03 13:25:39.2388 DEBUG File Move Starts..03-Mar-23 1:25:39 PM
2023-03-03 13:25:40.2461 DEBUG File Move Ends..03-Mar-23 1:25:40 PM
2023-03-03 13:25:40.2840 DEBUG File Move Starts..03-Mar-23 1:25:40 PM
2023-03-03 13:25:41.2014 DEBUG File Move Ends..03-Mar-23 1:25:41 PM
2023-03-03 13:25:41.2403 DEBUG File Move Starts..03-Mar-23 1:25:41 PM
2023-03-03 13:25:42.2306 DEBUG File Move Ends..03-Mar-23 1:25:42 PM
2023-03-03 13:25:42.2705 DEBUG File Move Starts..03-Mar-23 1:25:42 PM
2023-03-03 13:25:43.2699 DEBUG File Move Ends..03-Mar-23 1:25:43 PM
2023-03-03 13:25:43.3088 DEBUG File Move Starts..03-Mar-23 1:25:43 PM
2023-03-03 13:25:44.3370 DEBUG File Move Ends..03-Mar-23 1:25:44 PM
2023-03-03 13:25:44.3789 DEBUG File Move Starts..03-Mar-23 1:25:44 PM
2023-03-03 13:25:45.4770 DEBUG File Move Ends..03-Mar-23 1:25:45 PM
2023-03-03 13:25:45.5179 DEBUG File Move Starts..03-Mar-23 1:25:45 PM
2023-03-03 13:25:46.6096 DEBUG File Move Ends..03-Mar-23 1:25:46 PM
2023-03-03 13:25:46.6514 DEBUG File Move Starts..03-Mar-23 1:25:46 PM
2023-03-03 13:25:47.6231 DEBUG File Move Ends..03-Mar-23 1:25:47 PM
2023-03-03 13:25:47.6647 DEBUG File Move Starts..03-Mar-23 1:25:47 PM
2023-03-03 13:25:48.5673 DEBUG File Move Ends..03-Mar-23 1:25:48 PM
2023-03-03 13:25:48.6072 DEBUG File Move Starts..03-Mar-23 1:25:48 PM
2023-03-03 13:25:49.5607 DEBUG File Move Ends..03-Mar-23 1:25:49 PM
2023-03-03 13:25:49.5989 DEBUG File Move Starts..03-Mar-23 1:25:49 PM
2023-03-03 13:25:50.5909 DEBUG File Move Ends..03-Mar-23 1:25:50 PM
2023-03-03 13:25:50.6310 DEBUG File Move Starts..03-Mar-23 1:25:50 PM
2023-03-03 13:25:51.5224 DEBUG File Move Ends..03-Mar-23 1:25:51 PM
2023-03-03 13:25:51.5583 DEBUG File Move Starts..03-Mar-23 1:25:51 PM
2023-03-03 13:25:52.5108 DEBUG File Move Ends..03-Mar-23 1:25:52 PM
2023-03-03 13:25:52.5497 DEBUG File Move Starts..03-Mar-23 1:25:52 PM
2023-03-03 13:25:53.4931 DEBUG File Move Ends..03-Mar-23 1:25:53 PM
2023-03-03 13:25:53.5301 DEBUG File Move Starts..03-Mar-23 1:25:53 PM
2023-03-03 13:25:54.5334 DEBUG File Move Ends..03-Mar-23 1:25:54 PM
2023-03-03 13:25:54.5733 DEBUG File Move Starts..03-Mar-23 1:25:54 PM
2023-03-03 13:25:55.5738 DEBUG File Move Ends..03-Mar-23 1:25:55 PM
2023-03-03 13:25:55.6121 DEBUG File Move Starts..03-Mar-23 1:25:55 PM
2023-03-03 13:25:56.6461 DEBUG File Move Ends..03-Mar-23 1:25:56 PM
2023-03-03 13:25:56.6830 DEBUG File Move Starts..03-Mar-23 1:25:56 PM
2023-03-03 13:25:57.6096 DEBUG File Move Ends..03-Mar-23 1:25:57 PM
2023-03-03 13:25:57.6494 DEBUG File Move Starts..03-Mar-23 1:25:57 PM
2023-03-03 13:25:58.5690 DEBUG File Move Ends..03-Mar-23 1:25:58 PM
2023-03-03 13:25:58.6091 DEBUG File Move Starts..03-Mar-23 1:25:58 PM
2023-03-03 13:25:59.5387 DEBUG File Move Ends..03-Mar-23 1:25:59 PM
2023-03-03 13:25:59.5726 DEBUG File Move Starts..03-Mar-23 1:25:59 PM
2023-03-03 13:26:00.5823 DEBUG File Move Ends..03-Mar-23 1:26:00 PM
2023-03-03 13:26:00.6192 DEBUG File Move Starts..03-Mar-23 1:26:00 PM
2023-03-03 13:26:01.6525 DEBUG File Move Ends..03-Mar-23 1:26:01 PM
2023-03-03 13:26:01.6904 DEBUG File Move Starts..03-Mar-23 1:26:01 PM
2023-03-03 13:26:02.6608 DEBUG File Move Ends..03-Mar-23 1:26:02 PM
2023-03-03 13:26:02.7047 DEBUG File Move Starts..03-Mar-23 1:26:02 PM
2023-03-03 13:26:03.6382 DEBUG File Move Ends..03-Mar-23 1:26:03 PM
2023-03-03 13:26:03.6771 DEBUG File Move Starts..03-Mar-23 1:26:03 PM
2023-03-03 13:26:04.7033 DEBUG File Move Ends..03-Mar-23 1:26:04 PM
2023-03-03 13:26:04.7392 DEBUG File Move Starts..03-Mar-23 1:26:04 PM
2023-03-03 13:26:05.6229 DEBUG File Move Ends..03-Mar-23 1:26:05 PM
2023-03-03 13:26:05.7116 DEBUG File Move Starts..03-Mar-23 1:26:05 PM
2023-03-03 13:26:06.8693 DEBUG File Move Ends..03-Mar-23 1:26:06 PM
2023-03-03 13:26:06.9191 DEBUG File Move Starts..03-Mar-23 1:26:06 PM
2023-03-03 13:26:07.9898 DEBUG File Move Ends..03-Mar-23 1:26:07 PM
2023-03-03 13:26:07.9898 DEBUG File Move Starts..03-Mar-23 1:26:07 PM
2023-03-03 13:26:09.0103 DEBUG File Move Ends..03-Mar-23 1:26:09 PM
2023-03-03 13:26:09.0538 DEBUG File Move Starts..03-Mar-23 1:26:09 PM
2023-03-03 13:26:09.9867 DEBUG File Move Ends..03-Mar-23 1:26:09 PM
2023-03-03 13:26:09.9867 DEBUG File Move Starts..03-Mar-23 1:26:09 PM
2023-03-03 13:26:10.9960 DEBUG File Move Ends..03-Mar-23 1:26:10 PM
2023-03-03 13:26:11.0040 DEBUG File Move Starts..03-Mar-23 1:26:11 PM
2023-03-03 13:26:12.2088 DEBUG File Move Ends..03-Mar-23 1:26:12 PM
2023-03-03 13:26:12.2497 DEBUG File Move Starts..03-Mar-23 1:26:12 PM
2023-03-03 13:26:13.2616 DEBUG File Move Ends..03-Mar-23 1:26:13 PM
2023-03-03 13:26:13.3085 DEBUG File Move Starts..03-Mar-23 1:26:13 PM
2023-03-03 13:26:14.2794 DEBUG File Move Ends..03-Mar-23 1:26:14 PM
2023-03-03 13:26:14.3223 DEBUG File Move Starts..03-Mar-23 1:26:14 PM
2023-03-03 13:26:15.3575 DEBUG File Move Ends..03-Mar-23 1:26:15 PM
2023-03-03 13:26:15.3984 DEBUG File Move Starts..03-Mar-23 1:26:15 PM
2023-03-03 13:26:16.3200 DEBUG File Move Ends..03-Mar-23 1:26:16 PM
2023-03-03 13:26:16.3599 DEBUG File Move Starts..03-Mar-23 1:26:16 PM
2023-03-03 13:26:17.5557 DEBUG File Move Ends..03-Mar-23 1:26:17 PM
2023-03-03 13:26:17.5952 DEBUG File Move Starts..03-Mar-23 1:26:17 PM
2023-03-03 13:26:18.7066 DEBUG File Move Ends..03-Mar-23 1:26:18 PM
2023-03-03 13:26:18.7485 DEBUG File Move Starts..03-Mar-23 1:26:18 PM
2023-03-03 13:26:19.7653 DEBUG File Move Ends..03-Mar-23 1:26:19 PM
2023-03-03 13:26:19.8012 DEBUG File Move Starts..03-Mar-23 1:26:19 PM
2023-03-03 13:26:20.7977 DEBUG File Move Ends..03-Mar-23 1:26:20 PM
2023-03-03 13:26:20.8176 DEBUG File Move Starts..03-Mar-23 1:26:20 PM
2023-03-03 13:26:21.7601 DEBUG File Move Ends..03-Mar-23 1:26:21 PM
2023-03-03 13:26:21.8010 DEBUG File Move Starts..03-Mar-23 1:26:21 PM
2023-03-03 13:26:22.7940 DEBUG File Move Ends..03-Mar-23 1:26:22 PM
2023-03-03 13:26:22.8300 DEBUG File Move Starts..03-Mar-23 1:26:22 PM
2023-03-03 13:26:23.8801 DEBUG File Move Ends..03-Mar-23 1:26:23 PM
2023-03-03 13:26:23.8931 DEBUG File Move Starts..03-Mar-23 1:26:23 PM
2023-03-03 13:26:24.7817 DEBUG File Move Ends..03-Mar-23 1:26:24 PM
2023-03-03 13:26:24.8196 DEBUG File Move Starts..03-Mar-23 1:26:24 PM
2023-03-03 13:26:25.7044 DEBUG File Move Ends..03-Mar-23 1:26:25 PM
2023-03-03 13:26:25.7466 DEBUG File Move Starts..03-Mar-23 1:26:25 PM
2023-03-03 13:26:26.6358 DEBUG File Move Ends..03-Mar-23 1:26:26 PM
2023-03-03 13:26:26.6428 DEBUG File Move Starts..03-Mar-23 1:26:26 PM
2023-03-03 13:26:27.6093 DEBUG File Move Ends..03-Mar-23 1:26:27 PM
2023-03-03 13:26:27.6492 DEBUG File Move Starts..03-Mar-23 1:26:27 PM
2023-03-03 13:26:28.6760 DEBUG File Move Ends..03-Mar-23 1:26:28 PM
2023-03-03 13:26:28.7137 DEBUG File Move Starts..03-Mar-23 1:26:28 PM
2023-03-03 13:26:29.6482 DEBUG File Move Ends..03-Mar-23 1:26:29 PM
2023-03-03 13:26:29.6871 DEBUG File Move Starts..03-Mar-23 1:26:29 PM
2023-03-03 13:26:30.6645 DEBUG File Move Ends..03-Mar-23 1:26:30 PM
2023-03-03 13:26:30.6724 DEBUG File Move Starts..03-Mar-23 1:26:30 PM
2023-03-03 13:26:31.6698 DEBUG File Move Ends..03-Mar-23 1:26:31 PM
2023-03-03 13:26:31.7037 DEBUG File Move Starts..03-Mar-23 1:26:31 PM
2023-03-03 13:26:32.6432 DEBUG File Move Ends..03-Mar-23 1:26:32 PM
2023-03-03 13:26:32.6821 DEBUG File Move Starts..03-Mar-23 1:26:32 PM
2023-03-03 13:26:33.6924 DEBUG File Move Ends..03-Mar-23 1:26:33 PM
2023-03-03 13:26:33.7323 DEBUG File Move Starts..03-Mar-23 1:26:33 PM
2023-03-03 13:26:34.7745 DEBUG File Move Ends..03-Mar-23 1:26:34 PM
2023-03-03 13:26:34.8204 DEBUG File Move Starts..03-Mar-23 1:26:34 PM
2023-03-03 13:26:35.7948 DEBUG File Move Ends..03-Mar-23 1:26:35 PM
2023-03-03 13:26:35.8007 DEBUG File Move Starts..03-Mar-23 1:26:35 PM
2023-03-03 13:26:36.8310 DEBUG File Move Ends..03-Mar-23 1:26:36 PM
2023-03-03 13:26:36.8310 DEBUG File Move Starts..03-Mar-23 1:26:36 PM
2023-03-03 13:26:37.9620 DEBUG File Move Ends..03-Mar-23 1:26:37 PM
2023-03-03 13:26:38.0048 DEBUG File Move Starts..03-Mar-23 1:26:38 PM
2023-03-03 13:26:39.0929 DEBUG File Move Ends..03-Mar-23 1:26:39 PM
2023-03-03 13:26:39.1328 DEBUG File Move Starts..03-Mar-23 1:26:39 PM
2023-03-03 13:26:40.1062 DEBUG File Move Ends..03-Mar-23 1:26:40 PM
2023-03-03 13:26:40.1511 DEBUG File Move Starts..03-Mar-23 1:26:40 PM
2023-03-03 13:26:41.0337 DEBUG File Move Ends..03-Mar-23 1:26:41 PM
2023-03-03 13:26:41.0337 DEBUG File Move Starts..03-Mar-23 1:26:41 PM
2023-03-03 13:26:42.2116 DEBUG File Move Ends..03-Mar-23 1:26:42 PM
2023-03-03 13:26:42.2495 DEBUG File Move Starts..03-Mar-23 1:26:42 PM
2023-03-03 13:26:43.2524 DEBUG File Move Ends..03-Mar-23 1:26:43 PM
2023-03-03 13:26:43.2929 DEBUG File Move Starts..03-Mar-23 1:26:43 PM
2023-03-03 13:26:44.1264 DEBUG File Move Ends..03-Mar-23 1:26:44 PM
2023-03-03 13:26:44.1657 DEBUG File Move Starts..03-Mar-23 1:26:44 PM
2023-03-03 13:26:45.0971 DEBUG File Move Ends..03-Mar-23 1:26:45 PM
2023-03-03 13:26:45.1412 DEBUG File Move Starts..03-Mar-23 1:26:45 PM
2023-03-03 13:26:46.2311 DEBUG File Move Ends..03-Mar-23 1:26:46 PM
2023-03-03 13:26:46.2690 DEBUG File Move Starts..03-Mar-23 1:26:46 PM
2023-03-03 13:26:47.2155 DEBUG File Move Ends..03-Mar-23 1:26:47 PM
2023-03-03 13:26:47.2534 DEBUG File Move Starts..03-Mar-23 1:26:47 PM
2023-03-03 13:26:48.2308 DEBUG File Move Ends..03-Mar-23 1:26:48 PM
2023-03-03 13:26:48.2657 DEBUG File Move Starts..03-Mar-23 1:26:48 PM
2023-03-03 13:26:49.1722 DEBUG File Move Ends..03-Mar-23 1:26:49 PM
2023-03-03 13:26:49.2081 DEBUG File Move Starts..03-Mar-23 1:26:49 PM
2023-03-03 13:26:50.2172 DEBUG File Move Ends..03-Mar-23 1:26:50 PM
2023-03-03 13:26:50.2561 DEBUG File Move Starts..03-Mar-23 1:26:50 PM
2023-03-03 13:26:51.3831 DEBUG File Move Ends..03-Mar-23 1:26:51 PM
2023-03-03 13:26:51.4240 DEBUG File Move Starts..03-Mar-23 1:26:51 PM
2023-03-03 13:26:52.4148 DEBUG File Move Ends..03-Mar-23 1:26:52 PM
2023-03-03 13:26:52.4567 DEBUG File Move Starts..03-Mar-23 1:26:52 PM
2023-03-03 13:26:53.4559 DEBUG File Move Ends..03-Mar-23 1:26:53 PM
2023-03-03 13:26:53.4928 DEBUG File Move Starts..03-Mar-23 1:26:53 PM
2023-03-03 13:26:54.4603 DEBUG File Move Ends..03-Mar-23 1:26:54 PM
2023-03-03 13:26:54.5001 DEBUG File Move Starts..03-Mar-23 1:26:54 PM
2023-03-03 13:26:55.5538 DEBUG File Move Ends..03-Mar-23 1:26:55 PM
2023-03-03 13:26:55.5917 DEBUG File Move Starts..03-Mar-23 1:26:55 PM
2023-03-03 13:26:56.5833 DEBUG File Move Ends..03-Mar-23 1:26:56 PM
2023-03-03 13:26:56.6122 DEBUG File Move Starts..03-Mar-23 1:26:56 PM
2023-03-03 13:26:57.5885 DEBUG File Move Ends..03-Mar-23 1:26:57 PM
2023-03-03 13:26:57.6296 DEBUG File Move Starts..03-Mar-23 1:26:57 PM
2023-03-03 13:26:58.5833 DEBUG File Move Ends..03-Mar-23 1:26:58 PM
2023-03-03 13:26:58.6222 DEBUG File Move Starts..03-Mar-23 1:26:58 PM
2023-03-03 13:26:59.6544 DEBUG File Move Ends..03-Mar-23 1:26:59 PM
2023-03-03 13:26:59.6963 DEBUG File Move Starts..03-Mar-23 1:26:59 PM
2023-03-03 13:27:00.6168 DEBUG File Move Ends..03-Mar-23 1:27:00 PM
2023-03-03 13:27:00.6378 DEBUG File Move Starts..03-Mar-23 1:27:00 PM
2023-03-03 13:27:01.5545 DEBUG File Move Ends..03-Mar-23 1:27:01 PM
2023-03-03 13:27:01.5956 DEBUG File Move Starts..03-Mar-23 1:27:01 PM
2023-03-03 13:27:02.5367 DEBUG File Move Ends..03-Mar-23 1:27:02 PM
2023-03-03 13:27:02.5799 DEBUG File Move Starts..03-Mar-23 1:27:02 PM
2023-03-03 13:27:03.5423 DEBUG File Move Ends..03-Mar-23 1:27:03 PM
2023-03-03 13:27:03.5812 DEBUG File Move Starts..03-Mar-23 1:27:03 PM
2023-03-03 13:27:04.4668 DEBUG File Move Ends..03-Mar-23 1:27:04 PM
2023-03-03 13:27:04.5047 DEBUG File Move Starts..03-Mar-23 1:27:04 PM
2023-03-03 13:27:05.4646 DEBUG File Move Ends..03-Mar-23 1:27:05 PM
2023-03-03 13:27:05.5045 DEBUG File Move Starts..03-Mar-23 1:27:05 PM
2023-03-03 13:27:06.5387 DEBUG File Move Ends..03-Mar-23 1:27:06 PM
2023-03-03 13:27:06.5769 DEBUG File Move Starts..03-Mar-23 1:27:06 PM
2023-03-03 13:27:07.5749 DEBUG File Move Ends..03-Mar-23 1:27:07 PM
2023-03-03 13:27:07.6148 DEBUG File Move Starts..03-Mar-23 1:27:07 PM
2023-03-03 13:27:08.5547 DEBUG File Move Ends..03-Mar-23 1:27:08 PM
2023-03-03 13:27:08.5746 DEBUG File Move Starts..03-Mar-23 1:27:08 PM
2023-03-03 13:27:09.5410 DEBUG File Move Ends..03-Mar-23 1:27:09 PM
2023-03-03 13:27:09.5839 DEBUG File Move Starts..03-Mar-23 1:27:09 PM
2023-03-03 13:27:10.5614 DEBUG File Move Ends..03-Mar-23 1:27:10 PM
2023-03-03 13:27:10.6012 DEBUG File Move Starts..03-Mar-23 1:27:10 PM
2023-03-03 13:27:11.5633 DEBUG File Move Ends..03-Mar-23 1:27:11 PM
2023-03-03 13:27:11.6052 DEBUG File Move Starts..03-Mar-23 1:27:11 PM
2023-03-03 13:27:12.4504 DEBUG File Move Ends..03-Mar-23 1:27:12 PM
2023-03-03 13:27:12.4833 DEBUG File Move Starts..03-Mar-23 1:27:12 PM
2023-03-03 13:27:13.5269 DEBUG File Move Ends..03-Mar-23 1:27:13 PM
2023-03-03 13:27:13.5349 DEBUG File Move Starts..03-Mar-23 1:27:13 PM
2023-03-03 13:27:14.5542 DEBUG File Move Ends..03-Mar-23 1:27:14 PM
2023-03-03 13:27:14.5931 DEBUG File Move Starts..03-Mar-23 1:27:14 PM
2023-03-03 13:27:15.6103 DEBUG File Move Ends..03-Mar-23 1:27:15 PM
2023-03-03 13:27:15.6492 DEBUG File Move Starts..03-Mar-23 1:27:15 PM
2023-03-03 13:27:16.5477 DEBUG File Move Ends..03-Mar-23 1:27:16 PM
2023-03-03 13:27:16.5899 DEBUG File Move Starts..03-Mar-23 1:27:16 PM
2023-03-03 13:27:17.5045 DEBUG File Move Ends..03-Mar-23 1:27:17 PM
2023-03-03 13:27:17.5424 DEBUG File Move Starts..03-Mar-23 1:27:17 PM
2023-03-03 13:27:18.4823 DEBUG File Move Ends..03-Mar-23 1:27:18 PM
2023-03-03 13:27:18.5212 DEBUG File Move Starts..03-Mar-23 1:27:18 PM
2023-03-03 13:27:19.5373 DEBUG File Move Ends..03-Mar-23 1:27:19 PM
2023-03-03 13:27:19.5772 DEBUG File Move Starts..03-Mar-23 1:27:19 PM
2023-03-03 13:27:20.5197 DEBUG File Move Ends..03-Mar-23 1:27:20 PM
2023-03-03 13:27:20.5197 DEBUG File Move Starts..03-Mar-23 1:27:20 PM
2023-03-03 13:27:21.5659 DEBUG File Move Ends..03-Mar-23 1:27:21 PM
2023-03-03 13:27:21.6088 DEBUG File Move Starts..03-Mar-23 1:27:21 PM
2023-03-03 13:27:22.5335 DEBUG File Move Ends..03-Mar-23 1:27:22 PM
2023-03-03 13:27:22.5744 DEBUG File Move Starts..03-Mar-23 1:27:22 PM
2023-03-03 13:27:23.4270 DEBUG File Move Ends..03-Mar-23 1:27:23 PM
2023-03-03 13:27:23.4609 DEBUG File Move Starts..03-Mar-23 1:27:23 PM
2023-03-03 13:27:24.5141 DEBUG File Move Ends..03-Mar-23 1:27:24 PM
2023-03-03 13:27:24.5490 DEBUG File Move Starts..03-Mar-23 1:27:24 PM
2023-03-03 13:27:25.5812 DEBUG File Move Ends..03-Mar-23 1:27:25 PM
2023-03-03 13:27:25.6211 DEBUG File Move Starts..03-Mar-23 1:27:25 PM
2023-03-03 13:27:26.5646 DEBUG File Move Ends..03-Mar-23 1:27:26 PM
2023-03-03 13:27:26.6045 DEBUG File Move Starts..03-Mar-23 1:27:26 PM
2023-03-03 13:27:27.5520 DEBUG File Move Ends..03-Mar-23 1:27:27 PM
2023-03-03 13:27:27.5910 DEBUG File Move Starts..03-Mar-23 1:27:27 PM
2023-03-03 13:27:28.6820 DEBUG File Move Ends..03-Mar-23 1:27:28 PM
2023-03-03 13:27:28.7218 DEBUG File Move Starts..03-Mar-23 1:27:28 PM
2023-03-03 13:27:29.7112 DEBUG File Move Ends..03-Mar-23 1:27:29 PM
2023-03-03 13:27:29.7481 DEBUG File Move Starts..03-Mar-23 1:27:29 PM
2023-03-03 13:27:30.8462 DEBUG File Move Ends..03-Mar-23 1:27:30 PM
2023-03-03 13:27:30.8851 DEBUG File Move Starts..03-Mar-23 1:27:30 PM
2023-03-03 13:27:31.8924 DEBUG File Move Ends..03-Mar-23 1:27:31 PM
2023-03-03 13:27:31.9299 DEBUG File Move Starts..03-Mar-23 1:27:31 PM
2023-03-03 13:27:32.9097 DEBUG File Move Ends..03-Mar-23 1:27:32 PM
2023-03-03 13:27:32.9097 DEBUG File Move Starts..03-Mar-23 1:27:32 PM
2023-03-03 13:27:33.9289 DEBUG File Move Ends..03-Mar-23 1:27:33 PM
2023-03-03 13:27:33.9368 DEBUG File Move Starts..03-Mar-23 1:27:33 PM
2023-03-03 13:27:35.1286 DEBUG File Move Ends..03-Mar-23 1:27:35 PM
2023-03-03 13:27:35.1685 DEBUG File Move Starts..03-Mar-23 1:27:35 PM
2023-03-03 13:27:36.0801 DEBUG File Move Ends..03-Mar-23 1:27:36 PM
2023-03-03 13:27:36.1010 DEBUG File Move Starts..03-Mar-23 1:27:36 PM
2023-03-03 13:27:37.0714 DEBUG File Move Ends..03-Mar-23 1:27:37 PM
2023-03-03 13:27:37.1133 DEBUG File Move Starts..03-Mar-23 1:27:37 PM
2023-03-03 13:27:38.1546 DEBUG File Move Ends..03-Mar-23 1:27:38 PM
2023-03-03 13:27:38.1935 DEBUG File Move Starts..03-Mar-23 1:27:38 PM
2023-03-03 13:27:39.3444 DEBUG File Move Ends..03-Mar-23 1:27:39 PM
2023-03-03 13:27:39.3693 DEBUG File Move Starts..03-Mar-23 1:27:39 PM
2023-03-03 13:27:40.4963 DEBUG File Move Ends..03-Mar-23 1:27:40 PM
2023-03-03 13:27:40.5292 DEBUG File Move Starts..03-Mar-23 1:27:40 PM
2023-03-03 13:27:41.6472 DEBUG File Move Ends..03-Mar-23 1:27:41 PM
2023-03-03 13:27:41.6851 DEBUG File Move Starts..03-Mar-23 1:27:41 PM
2023-03-03 13:27:42.6991 DEBUG File Move Ends..03-Mar-23 1:27:42 PM
2023-03-03 13:27:42.7353 DEBUG File Move Starts..03-Mar-23 1:27:42 PM
2023-03-03 13:27:43.8371 DEBUG File Move Ends..03-Mar-23 1:27:43 PM
2023-03-03 13:27:43.8440 DEBUG File Move Starts..03-Mar-23 1:27:43 PM
2023-03-03 13:27:44.9960 DEBUG File Move Ends..03-Mar-23 1:27:44 PM
2023-03-03 13:27:45.0040 DEBUG File Move Starts..03-Mar-23 1:27:45 PM
2023-03-03 13:27:46.0933 DEBUG File Move Ends..03-Mar-23 1:27:46 PM
2023-03-03 13:27:46.1312 DEBUG File Move Starts..03-Mar-23 1:27:46 PM
2023-03-03 13:27:47.0836 DEBUG File Move Ends..03-Mar-23 1:27:47 PM
2023-03-03 13:27:47.1215 DEBUG File Move Starts..03-Mar-23 1:27:47 PM
2023-03-03 13:27:48.2269 DEBUG File Move Ends..03-Mar-23 1:27:48 PM
2023-03-03 13:27:48.2628 DEBUG File Move Starts..03-Mar-23 1:27:48 PM
2023-03-03 13:27:49.5314 DEBUG File Move Ends..03-Mar-23 1:27:49 PM
2023-03-03 13:27:49.5314 DEBUG File Move Starts..03-Mar-23 1:27:49 PM
2023-03-03 13:27:50.7231 DEBUG File Move Ends..03-Mar-23 1:27:50 PM
2023-03-03 13:27:50.7600 DEBUG File Move Starts..03-Mar-23 1:27:50 PM
2023-03-03 13:27:51.7663 DEBUG File Move Ends..03-Mar-23 1:27:51 PM
2023-03-03 13:27:51.8257 DEBUG File Move Starts..03-Mar-23 1:27:51 PM
2023-03-03 13:27:52.7635 DEBUG File Move Ends..03-Mar-23 1:27:52 PM
2023-03-03 13:27:52.8014 DEBUG File Move Starts..03-Mar-23 1:27:52 PM
2023-03-03 13:27:53.7888 DEBUG File Move Ends..03-Mar-23 1:27:53 PM
2023-03-03 13:27:53.8277 DEBUG File Move Starts..03-Mar-23 1:27:53 PM
2023-03-03 13:27:54.8570 DEBUG File Move Ends..03-Mar-23 1:27:54 PM
2023-03-03 13:27:54.8919 DEBUG File Move Starts..03-Mar-23 1:27:54 PM
2023-03-03 13:27:55.9441 DEBUG File Move Ends..03-Mar-23 1:27:55 PM
2023-03-03 13:27:55.9810 DEBUG File Move Starts..03-Mar-23 1:27:55 PM
2023-03-03 13:27:56.9175 DEBUG File Move Ends..03-Mar-23 1:27:56 PM
2023-03-03 13:27:56.9753 DEBUG File Move Starts..03-Mar-23 1:27:56 PM
2023-03-03 13:27:57.9614 DEBUG File Move Ends..03-Mar-23 1:27:57 PM
2023-03-03 13:27:57.9743 DEBUG File Move Starts..03-Mar-23 1:27:57 PM
2023-03-03 13:27:58.9289 DEBUG File Move Ends..03-Mar-23 1:27:58 PM
2023-03-03 13:27:58.9660 DEBUG File Move Starts..03-Mar-23 1:27:58 PM
2023-03-03 13:27:59.9671 DEBUG File Move Ends..03-Mar-23 1:27:59 PM
2023-03-03 13:28:00.0060 DEBUG File Move Starts..03-Mar-23 1:28:00 PM
2023-03-03 13:28:00.9465 DEBUG File Move Ends..03-Mar-23 1:28:00 PM
2023-03-03 13:28:00.9714 DEBUG File Move Starts..03-Mar-23 1:28:00 PM
2023-03-03 13:28:01.9851 DEBUG File Move Ends..03-Mar-23 1:28:01 PM
2023-03-03 13:28:02.0250 DEBUG File Move Starts..03-Mar-23 1:28:02 PM
2023-03-03 13:28:03.0682 DEBUG File Move Ends..03-Mar-23 1:28:03 PM
2023-03-03 13:28:03.0682 DEBUG File Move Starts..03-Mar-23 1:28:03 PM
2023-03-03 13:28:04.0826 DEBUG File Move Ends..03-Mar-23 1:28:04 PM
2023-03-03 13:28:04.1234 DEBUG File Move Starts..03-Mar-23 1:28:04 PM
2023-03-03 13:28:05.0958 DEBUG File Move Ends..03-Mar-23 1:28:05 PM
2023-03-03 13:28:05.1327 DEBUG File Move Starts..03-Mar-23 1:28:05 PM
2023-03-03 13:28:06.0983 DEBUG File Move Ends..03-Mar-23 1:28:06 PM
2023-03-03 13:28:06.1362 DEBUG File Move Starts..03-Mar-23 1:28:06 PM
2023-03-03 13:28:07.2333 DEBUG File Move Ends..03-Mar-23 1:28:07 PM
2023-03-03 13:28:07.2692 DEBUG File Move Starts..03-Mar-23 1:28:07 PM
2023-03-03 13:28:08.3521 DEBUG File Move Ends..03-Mar-23 1:28:08 PM
2023-03-03 13:28:08.3900 DEBUG File Move Starts..03-Mar-23 1:28:08 PM
2023-03-03 13:28:09.3345 DEBUG File Move Ends..03-Mar-23 1:28:09 PM
2023-03-03 13:28:09.3435 DEBUG File Move Starts..03-Mar-23 1:28:09 PM
2023-03-03 13:28:10.3737 DEBUG File Move Ends..03-Mar-23 1:28:10 PM
2023-03-03 13:28:10.4106 DEBUG File Move Starts..03-Mar-23 1:28:10 PM
2023-03-03 13:28:11.3977 DEBUG File Move Ends..03-Mar-23 1:28:11 PM
2023-03-03 13:28:11.4186 DEBUG File Move Starts..03-Mar-23 1:28:11 PM
2023-03-03 13:28:12.4150 DEBUG File Move Ends..03-Mar-23 1:28:12 PM
2023-03-03 13:28:12.4539 DEBUG File Move Starts..03-Mar-23 1:28:12 PM
2023-03-03 13:28:13.5450 DEBUG File Move Ends..03-Mar-23 1:28:13 PM
2023-03-03 13:28:13.5848 DEBUG File Move Starts..03-Mar-23 1:28:13 PM
2023-03-03 13:28:14.5313 DEBUG File Move Ends..03-Mar-23 1:28:14 PM
2023-03-03 13:28:14.5672 DEBUG File Move Starts..03-Mar-23 1:28:14 PM
2023-03-03 13:28:15.5336 DEBUG File Move Ends..03-Mar-23 1:28:15 PM
2023-03-03 13:28:15.5695 DEBUG File Move Starts..03-Mar-23 1:28:15 PM
2023-03-03 13:28:16.6137 DEBUG File Move Ends..03-Mar-23 1:28:16 PM
2023-03-03 13:28:16.6137 DEBUG File Move Starts..03-Mar-23 1:28:16 PM
2023-03-03 13:28:17.7697 DEBUG File Move Ends..03-Mar-23 1:28:17 PM
2023-03-03 13:28:17.8056 DEBUG File Move Starts..03-Mar-23 1:28:17 PM
2023-03-03 13:28:18.9076 DEBUG File Move Ends..03-Mar-23 1:28:18 PM
2023-03-03 13:28:18.9448 DEBUG File Move Starts..03-Mar-23 1:28:18 PM
2023-03-03 13:28:19.9339 DEBUG File Move Ends..03-Mar-23 1:28:19 PM
2023-03-03 13:28:19.9418 DEBUG File Move Starts..03-Mar-23 1:28:19 PM
2023-03-03 13:28:20.9123 DEBUG File Move Ends..03-Mar-23 1:28:20 PM
2023-03-03 13:28:20.9123 DEBUG File Move Starts..03-Mar-23 1:28:20 PM
2023-03-03 13:28:22.0033 DEBUG File Move Ends..03-Mar-23 1:28:22 PM
2023-03-03 13:28:22.0443 DEBUG File Move Starts..03-Mar-23 1:28:22 PM
2023-03-03 13:28:22.9705 DEBUG File Move Ends..03-Mar-23 1:28:22 PM
2023-03-03 13:28:22.9705 DEBUG File Move Starts..03-Mar-23 1:28:22 PM
2023-03-03 13:28:24.0296 DEBUG File Move Ends..03-Mar-23 1:28:24 PM
2023-03-03 13:28:24.0366 DEBUG File Move Starts..03-Mar-23 1:28:24 PM
2023-03-03 13:28:25.1028 DEBUG File Move Ends..03-Mar-23 1:28:25 PM
2023-03-03 13:28:25.1417 DEBUG File Move Starts..03-Mar-23 1:28:25 PM
2023-03-03 13:28:26.1153 DEBUG File Move Ends..03-Mar-23 1:28:26 PM
2023-03-03 13:28:26.1596 DEBUG File Move Starts..03-Mar-23 1:28:26 PM
2023-03-03 13:28:27.1665 DEBUG File Move Ends..03-Mar-23 1:28:27 PM
2023-03-03 13:28:27.1724 DEBUG File Move Starts..03-Mar-23 1:28:27 PM
2023-03-03 13:28:28.4081 DEBUG File Move Ends..03-Mar-23 1:28:28 PM
2023-03-03 13:28:28.4450 DEBUG File Move Starts..03-Mar-23 1:28:28 PM
2023-03-03 13:28:29.4444 DEBUG File Move Ends..03-Mar-23 1:28:29 PM
2023-03-03 13:28:29.4663 DEBUG File Move Starts..03-Mar-23 1:28:29 PM
2023-03-03 13:28:30.4786 DEBUG File Move Ends..03-Mar-23 1:28:30 PM
2023-03-03 13:28:30.4995 DEBUG File Move Starts..03-Mar-23 1:28:30 PM
2023-03-03 13:28:31.5298 DEBUG File Move Ends..03-Mar-23 1:28:31 PM
2023-03-03 13:28:31.5657 DEBUG File Move Starts..03-Mar-23 1:28:31 PM
2023-03-03 13:28:32.5274 DEBUG File Move Ends..03-Mar-23 1:28:32 PM
2023-03-03 13:28:32.5351 DEBUG File Move Starts..03-Mar-23 1:28:32 PM
2023-03-03 13:28:33.6591 DEBUG File Move Ends..03-Mar-23 1:28:33 PM
2023-03-03 13:28:33.6960 DEBUG File Move Starts..03-Mar-23 1:28:33 PM
2023-03-03 13:28:34.8160 DEBUG File Move Ends..03-Mar-23 1:28:34 PM
2023-03-03 13:28:34.8534 DEBUG File Move Starts..03-Mar-23 1:28:34 PM
2023-03-03 13:28:35.8113 DEBUG File Move Ends..03-Mar-23 1:28:35 PM
2023-03-03 13:28:35.8353 DEBUG File Move Starts..03-Mar-23 1:28:35 PM
2023-03-03 13:28:36.7927 DEBUG File Move Ends..03-Mar-23 1:28:36 PM
2023-03-03 13:28:36.7997 DEBUG File Move Starts..03-Mar-23 1:28:36 PM
2023-03-03 13:28:37.7402 DEBUG File Move Ends..03-Mar-23 1:28:37 PM
2023-03-03 13:28:37.7751 DEBUG File Move Starts..03-Mar-23 1:28:37 PM
2023-03-03 13:28:38.7283 DEBUG File Move Ends..03-Mar-23 1:28:38 PM
2023-03-03 13:28:38.7650 DEBUG File Move Starts..03-Mar-23 1:28:38 PM
2023-03-03 13:28:39.7929 DEBUG File Move Ends..03-Mar-23 1:28:39 PM
2023-03-03 13:28:39.8328 DEBUG File Move Starts..03-Mar-23 1:28:39 PM
2023-03-03 13:28:40.8391 DEBUG File Move Ends..03-Mar-23 1:28:40 PM
2023-03-03 13:28:40.8790 DEBUG File Move Starts..03-Mar-23 1:28:40 PM
2023-03-03 13:28:41.7606 DEBUG File Move Ends..03-Mar-23 1:28:41 PM
2023-03-03 13:28:41.8085 DEBUG File Move Starts..03-Mar-23 1:28:41 PM
2023-03-03 13:28:42.7627 DEBUG File Move Ends..03-Mar-23 1:28:42 PM
2023-03-03 13:28:42.7697 DEBUG File Move Starts..03-Mar-23 1:28:42 PM
2023-03-03 13:28:43.7765 DEBUG File Move Ends..03-Mar-23 1:28:43 PM
2023-03-03 13:28:43.8144 DEBUG File Move Starts..03-Mar-23 1:28:43 PM
2023-03-03 13:28:44.8579 DEBUG File Move Ends..03-Mar-23 1:28:44 PM
2023-03-03 13:28:44.8987 DEBUG File Move Starts..03-Mar-23 1:28:44 PM
2023-03-03 13:28:46.0168 DEBUG File Move Ends..03-Mar-23 1:28:46 PM
2023-03-03 13:28:46.0586 DEBUG File Move Starts..03-Mar-23 1:28:46 PM
2023-03-03 13:28:47.0929 DEBUG File Move Ends..03-Mar-23 1:28:47 PM
2023-03-03 13:28:47.1368 DEBUG File Move Starts..03-Mar-23 1:28:47 PM
2023-03-03 13:28:48.3046 DEBUG File Move Ends..03-Mar-23 1:28:48 PM
2023-03-03 13:28:48.3435 DEBUG File Move Starts..03-Mar-23 1:28:48 PM
2023-03-03 13:28:49.4405 DEBUG File Move Ends..03-Mar-23 1:28:49 PM
2023-03-03 13:28:49.4405 DEBUG File Move Starts..03-Mar-23 1:28:49 PM
2023-03-03 13:28:50.5545 DEBUG File Move Ends..03-Mar-23 1:28:50 PM
2023-03-03 13:28:50.5625 DEBUG File Move Starts..03-Mar-23 1:28:50 PM
2023-03-03 13:28:51.6185 DEBUG File Move Ends..03-Mar-23 1:28:51 PM
2023-03-03 13:28:51.6268 DEBUG File Move Starts..03-Mar-23 1:28:51 PM
2023-03-03 13:28:52.7178 DEBUG File Move Ends..03-Mar-23 1:28:52 PM
2023-03-03 13:28:52.7580 DEBUG File Move Starts..03-Mar-23 1:28:52 PM
2023-03-03 13:28:53.8616 DEBUG File Move Ends..03-Mar-23 1:28:53 PM
2023-03-03 13:28:53.8616 DEBUG File Move Starts..03-Mar-23 1:28:53 PM
2023-03-03 13:28:54.9138 DEBUG File Move Ends..03-Mar-23 1:28:54 PM
2023-03-03 13:28:54.9507 DEBUG File Move Starts..03-Mar-23 1:28:54 PM
2023-03-03 13:28:56.0168 DEBUG File Move Ends..03-Mar-23 1:28:56 PM
2023-03-03 13:28:56.0637 DEBUG File Move Starts..03-Mar-23 1:28:56 PM
2023-03-03 13:28:57.0795 DEBUG File Move Ends..03-Mar-23 1:28:57 PM
2023-03-03 13:28:57.0795 DEBUG File Move Starts..03-Mar-23 1:28:57 PM
2023-03-03 13:28:58.3019 DEBUG File Move Ends..03-Mar-23 1:28:58 PM
2023-03-03 13:28:58.3408 DEBUG File Move Starts..03-Mar-23 1:28:58 PM
2023-03-03 13:28:59.2444 DEBUG File Move Ends..03-Mar-23 1:28:59 PM
2023-03-03 13:28:59.2653 DEBUG File Move Starts..03-Mar-23 1:28:59 PM
2023-03-03 13:29:00.3006 DEBUG File Move Ends..03-Mar-23 1:29:00 PM
2023-03-03 13:29:00.3415 DEBUG File Move Starts..03-Mar-23 1:29:00 PM
2023-03-03 13:29:01.4495 DEBUG File Move Ends..03-Mar-23 1:29:01 PM
2023-03-03 13:29:01.4565 DEBUG File Move Starts..03-Mar-23 1:29:01 PM
2023-03-03 13:29:02.6419 DEBUG File Move Ends..03-Mar-23 1:29:02 PM
2023-03-03 13:29:02.6828 DEBUG File Move Starts..03-Mar-23 1:29:02 PM
2023-03-03 13:29:03.7499 DEBUG File Move Ends..03-Mar-23 1:29:03 PM
2023-03-03 13:29:03.7878 DEBUG File Move Starts..03-Mar-23 1:29:03 PM
2023-03-03 13:29:04.8500 DEBUG File Move Ends..03-Mar-23 1:29:04 PM
2023-03-03 13:29:04.8730 DEBUG File Move Starts..03-Mar-23 1:29:04 PM
2023-03-03 13:29:05.8483 DEBUG File Move Ends..03-Mar-23 1:29:05 PM
2023-03-03 13:29:05.8825 DEBUG File Move Starts..03-Mar-23 1:29:05 PM
2023-03-03 13:29:06.7408 DEBUG File Move Ends..03-Mar-23 1:29:06 PM
2023-03-03 13:29:06.7537 DEBUG File Move Starts..03-Mar-23 1:29:06 PM
2023-03-03 13:29:07.8259 DEBUG File Move Ends..03-Mar-23 1:29:07 PM
2023-03-03 13:29:07.8628 DEBUG File Move Starts..03-Mar-23 1:29:07 PM
2023-03-03 13:29:08.8149 DEBUG File Move Ends..03-Mar-23 1:29:08 PM
2023-03-03 13:29:08.8522 DEBUG File Move Starts..03-Mar-23 1:29:08 PM
2023-03-03 13:29:09.9060 DEBUG File Move Ends..03-Mar-23 1:29:09 PM
2023-03-03 13:29:09.9489 DEBUG File Move Starts..03-Mar-23 1:29:09 PM
2023-03-03 13:29:10.8105 DEBUG File Move Ends..03-Mar-23 1:29:10 PM
2023-03-03 13:29:10.8195 DEBUG File Move Starts..03-Mar-23 1:29:10 PM
2023-03-03 13:29:11.8763 DEBUG File Move Ends..03-Mar-23 1:29:11 PM
2023-03-03 13:29:11.9142 DEBUG File Move Starts..03-Mar-23 1:29:11 PM
2023-03-03 13:29:12.9504 DEBUG File Move Ends..03-Mar-23 1:29:12 PM
2023-03-03 13:29:12.9584 DEBUG File Move Starts..03-Mar-23 1:29:12 PM
2023-03-03 13:29:14.2372 DEBUG File Move Ends..03-Mar-23 1:29:14 PM
2023-03-03 13:29:14.2372 DEBUG File Move Starts..03-Mar-23 1:29:14 PM
2023-03-03 13:29:15.2994 DEBUG File Move Ends..03-Mar-23 1:29:15 PM
2023-03-03 13:29:15.2994 DEBUG File Move Starts..03-Mar-23 1:29:15 PM
2023-03-03 13:29:16.4486 DEBUG File Move Ends..03-Mar-23 1:29:16 PM
2023-03-03 13:29:16.4885 DEBUG File Move Starts..03-Mar-23 1:29:16 PM
2023-03-03 13:29:17.6824 DEBUG File Move Ends..03-Mar-23 1:29:17 PM
2023-03-03 13:29:17.6914 DEBUG File Move Starts..03-Mar-23 1:29:17 PM
2023-03-03 13:29:18.8615 DEBUG File Move Ends..03-Mar-23 1:29:18 PM
2023-03-03 13:29:18.8835 DEBUG File Move Starts..03-Mar-23 1:29:18 PM
2023-03-03 13:29:19.9367 DEBUG File Move Ends..03-Mar-23 1:29:19 PM
2023-03-03 13:29:19.9776 DEBUG File Move Starts..03-Mar-23 1:29:19 PM
2023-03-03 13:29:21.0936 DEBUG File Move Ends..03-Mar-23 1:29:21 PM
2023-03-03 13:29:21.1315 DEBUG File Move Starts..03-Mar-23 1:29:21 PM
2023-03-03 13:29:22.1802 DEBUG File Move Ends..03-Mar-23 1:29:22 PM
2023-03-03 13:29:22.2171 DEBUG File Move Starts..03-Mar-23 1:29:22 PM
2023-03-03 13:29:23.2493 DEBUG File Move Ends..03-Mar-23 1:29:23 PM
2023-03-03 13:29:23.2493 DEBUG File Move Starts..03-Mar-23 1:29:23 PM
2023-03-03 13:29:24.3364 DEBUG File Move Ends..03-Mar-23 1:29:24 PM
2023-03-03 13:29:24.3723 DEBUG File Move Starts..03-Mar-23 1:29:24 PM
2023-03-03 13:29:25.5242 DEBUG File Move Ends..03-Mar-23 1:29:25 PM
2023-03-03 13:29:25.5616 DEBUG File Move Starts..03-Mar-23 1:29:25 PM
2023-03-03 13:29:26.6726 DEBUG File Move Ends..03-Mar-23 1:29:26 PM
2023-03-03 13:29:26.7135 DEBUG File Move Starts..03-Mar-23 1:29:26 PM
2023-03-03 13:29:27.8475 DEBUG File Move Ends..03-Mar-23 1:29:27 PM
2023-03-03 13:29:27.8864 DEBUG File Move Starts..03-Mar-23 1:29:27 PM
2023-03-03 13:29:28.9692 DEBUG File Move Ends..03-Mar-23 1:29:28 PM
2023-03-03 13:29:28.9692 DEBUG File Move Starts..03-Mar-23 1:29:28 PM
2023-03-03 13:29:30.1271 DEBUG File Move Ends..03-Mar-23 1:29:30 PM
2023-03-03 13:29:30.1640 DEBUG File Move Starts..03-Mar-23 1:29:30 PM
2023-03-03 13:29:31.2022 DEBUG File Move Ends..03-Mar-23 1:29:31 PM
2023-03-03 13:29:31.2331 DEBUG File Move Starts..03-Mar-23 1:29:31 PM
2023-03-03 13:29:32.2155 DEBUG File Move Ends..03-Mar-23 1:29:32 PM
2023-03-03 13:29:32.2614 DEBUG File Move Starts..03-Mar-23 1:29:32 PM
2023-03-03 13:29:33.3495 DEBUG File Move Ends..03-Mar-23 1:29:33 PM
2023-03-03 13:29:33.3585 DEBUG File Move Starts..03-Mar-23 1:29:33 PM
2023-03-03 13:29:34.4346 DEBUG File Move Ends..03-Mar-23 1:29:34 PM
2023-03-03 13:29:34.4675 DEBUG File Move Starts..03-Mar-23 1:29:34 PM
2023-03-03 13:29:35.5247 DEBUG File Move Ends..03-Mar-23 1:29:35 PM
2023-03-03 13:29:35.5845 DEBUG File Move Starts..03-Mar-23 1:29:35 PM
2023-03-03 13:29:36.8531 DEBUG File Move Ends..03-Mar-23 1:29:36 PM
2023-03-03 13:29:36.8920 DEBUG File Move Starts..03-Mar-23 1:29:36 PM
2023-03-03 13:29:37.9821 DEBUG File Move Ends..03-Mar-23 1:29:37 PM
2023-03-03 13:29:38.0210 DEBUG File Move Starts..03-Mar-23 1:29:38 PM
2023-03-03 13:29:39.0273 DEBUG File Move Ends..03-Mar-23 1:29:39 PM
2023-03-03 13:29:39.0652 DEBUG File Move Starts..03-Mar-23 1:29:39 PM
2023-03-03 13:29:40.1873 DEBUG File Move Ends..03-Mar-23 1:29:40 PM
2023-03-03 13:29:40.2281 DEBUG File Move Starts..03-Mar-23 1:29:40 PM
2023-03-03 13:30:08.6274 ERROR Exception Occurs...Collection was modified; enumeration operation may not execute.....   at DataRooms.UI.Code.FileManager.<UpdateDataRoomSize>d__17.MoveNext() in C:\Working Projects\SharBox\DataRooms.UI\Code\FileManager.cs:line 237
--- End of stack trace from previous location where exception was thrown ---
   at System.Runtime.ExceptionServices.ExceptionDispatchInfo.Throw()
   at System.Runtime.CompilerServices.TaskAwaiter.HandleNonSuccessAndDebuggerNotification(Task task)
   at System.Runtime.CompilerServices.TaskAwaiter.GetResult()
   at DataRooms.UI.Areas.Files.Controllers.ManageFileController.<Edit>d__34.MoveNext() in C:\Working Projects\SharBox\DataRooms.UI\Areas\Files\Controllers\ManageFileController.cs:line 271
2023-03-03 13:30:08.6503 DEBUG File Move Starts..03-Mar-23 1:30:08 PM
2023-03-03 13:31:00.8629 DEBUG File Move Ends..03-Mar-23 1:31:00 PM
2023-03-03 13:31:00.8908 DEBUG File Move Starts..03-Mar-23 1:31:00 PM
2023-03-03 13:31:01.9450 DEBUG File Move Ends..03-Mar-23 1:31:01 PM
2023-03-03 13:31:01.9450 DEBUG File Move Starts..03-Mar-23 1:31:01 PM
2023-03-03 13:51:03.5302 DEBUG 27-Dec-22 12:00:00 AM
2023-03-03 13:51:03.6389 DEBUG 31-Mar-23 12:00:00 AM
2023-03-03 13:52:22.7365 DEBUG File Move Starts..03-Mar-23 1:52:22 PM
2023-03-03 13:52:51.3490 DEBUG File Move Ends..03-Mar-23 1:52:51 PM
2023-03-03 13:52:56.0252 DEBUG File Move Starts..03-Mar-23 1:52:55 PM
2023-03-03 13:53:21.3334 DEBUG File Move Ends..03-Mar-23 1:53:21 PM
2023-03-03 13:53:24.3590 DEBUG File Move Starts..03-Mar-23 1:53:24 PM
2023-03-03 13:53:33.4356 DEBUG File Move Ends..03-Mar-23 1:53:33 PM
2023-03-03 13:53:33.9339 DEBUG File Move Starts..03-Mar-23 1:53:33 PM
2023-03-03 13:53:38.0088 DEBUG File Move Ends..03-Mar-23 1:53:38 PM
2023-03-03 13:53:38.5045 DEBUG File Move Starts..03-Mar-23 1:53:38 PM
2023-03-03 13:53:47.6490 DEBUG File Move Ends..03-Mar-23 1:53:47 PM
2023-03-03 13:53:48.1466 DEBUG File Move Starts..03-Mar-23 1:53:48 PM
2023-03-03 13:53:48.3650 DEBUG File Move Ends..03-Mar-23 1:53:48 PM
2023-03-03 13:53:48.6492 DEBUG File Move Starts..03-Mar-23 1:53:48 PM
2023-03-03 13:53:49.2985 DEBUG File Move Ends..03-Mar-23 1:53:49 PM
2023-03-03 13:53:49.6686 DEBUG File Move Starts..03-Mar-23 1:53:49 PM
2023-03-03 13:53:50.5850 DEBUG File Move Ends..03-Mar-23 1:53:50 PM
2023-03-03 13:53:50.6888 DEBUG File Move Starts..03-Mar-23 1:53:50 PM
2023-03-03 13:53:51.6159 DEBUG File Move Ends..03-Mar-23 1:53:51 PM
2023-03-03 13:53:51.7057 DEBUG File Move Starts..03-Mar-23 1:53:51 PM
2023-03-03 13:53:52.5516 DEBUG File Move Ends..03-Mar-23 1:53:52 PM
2023-03-03 13:53:52.7241 DEBUG File Move Starts..03-Mar-23 1:53:52 PM
2023-03-03 13:54:57.8397 DEBUG File Move Ends..03-Mar-23 1:54:57 PM
2023-03-03 14:18:20.6426 DEBUG 27-Dec-22 12:00:00 AM
2023-03-03 14:18:20.7792 DEBUG 31-Mar-23 12:00:00 AM
2023-03-03 14:19:21.0217 DEBUG File Move Starts..03-Mar-23 2:19:21 PM
2023-03-03 14:19:21.1713 DEBUG File Move Ends..03-Mar-23 2:19:21 PM
2023-03-03 14:19:21.5094 DEBUG File Move Starts..03-Mar-23 2:19:21 PM
2023-03-03 14:19:22.1170 DEBUG File Move Ends..03-Mar-23 2:19:22 PM
2023-03-03 14:19:22.5299 DEBUG File Move Starts..03-Mar-23 2:19:22 PM
2023-03-03 14:19:23.3377 DEBUG File Move Ends..03-Mar-23 2:19:23 PM
2023-03-03 14:19:23.5482 DEBUG File Move Starts..03-Mar-23 2:19:23 PM
2023-03-03 14:19:24.3768 DEBUG File Move Ends..03-Mar-23 2:19:24 PM
2023-03-03 14:19:24.5692 DEBUG File Move Starts..03-Mar-23 2:19:24 PM
2023-03-03 14:19:25.3349 DEBUG File Move Ends..03-Mar-23 2:19:25 PM
2023-03-03 14:19:25.5882 DEBUG File Move Starts..03-Mar-23 2:19:25 PM
2023-03-03 14:19:26.2750 DEBUG File Move Ends..03-Mar-23 2:19:26 PM
2023-03-03 14:19:26.6091 DEBUG File Move Starts..03-Mar-23 2:19:26 PM
2023-03-03 14:19:27.4380 DEBUG File Move Ends..03-Mar-23 2:19:27 PM
2023-03-03 14:19:27.6348 DEBUG File Move Starts..03-Mar-23 2:19:27 PM
2023-03-03 14:19:28.5099 DEBUG File Move Ends..03-Mar-23 2:19:28 PM
2023-03-03 14:19:28.6456 DEBUG File Move Starts..03-Mar-23 2:19:28 PM
2023-03-03 14:19:29.6612 DEBUG File Move Ends..03-Mar-23 2:19:29 PM
2023-03-03 14:19:30.1589 DEBUG File Move Starts..03-Mar-23 2:19:30 PM
2023-03-03 14:19:30.9089 DEBUG File Move Ends..03-Mar-23 2:19:30 PM
2023-03-03 14:19:31.1841 DEBUG File Move Starts..03-Mar-23 2:19:31 PM
2023-03-03 14:20:00.3687 DEBUG File Move Ends..03-Mar-23 2:20:00 PM
2023-03-03 14:21:35.5942 DEBUG File Move Starts..03-Mar-23 2:21:35 PM
2023-03-03 14:21:35.7209 DEBUG File Move Ends..03-Mar-23 2:21:35 PM
2023-03-03 14:21:36.1038 DEBUG File Move Starts..03-Mar-23 2:21:36 PM
2023-03-03 14:21:36.7737 DEBUG File Move Ends..03-Mar-23 2:21:36 PM
2023-03-03 14:21:37.1128 DEBUG File Move Starts..03-Mar-23 2:21:37 PM
2023-03-03 14:21:38.0278 DEBUG File Move Ends..03-Mar-23 2:21:38 PM
2023-03-03 14:21:38.1445 DEBUG File Move Starts..03-Mar-23 2:21:38 PM
2023-03-03 14:22:19.6168 DEBUG File Move Ends..03-Mar-23 2:22:19 PM
2023-03-03 15:36:41.7981 DEBUG 27-Dec-22 12:00:00 AM
2023-03-03 15:36:41.9069 DEBUG 31-Mar-23 12:00:00 AM
2023-03-03 16:00:00.0298 DEBUG Company id - 0
2023-03-03 16:00:00.1446 ERROR Get All AD Users..AD Error..Unknown error (0x80005000)
