2023-02-07 13:31:59.1393 DEBUG 27-Dec-22 12:00:00 AM
2023-02-07 13:31:59.2141 DEBUG 31-Mar-23 12:00:00 AM
2023-02-07 13:33:15.9122 DEBUG 27-Dec-22 12:00:00 AM
2023-02-07 13:33:15.9122 DEBUG 31-Mar-23 12:00:00 AM
2023-02-07 13:33:25.6312 DEBUG 27-Dec-22 12:00:00 AM
2023-02-07 13:33:25.6312 DEBUG 31-Mar-23 12:00:00 AM
2023-02-07 13:43:57.0350 DEBUG 27-Dec-22 12:00:00 AM
2023-02-07 13:43:57.0350 DEBUG 27-Dec-22 12:00:00 AM
2023-02-07 13:43:57.0808 DEBUG 31-Mar-23 12:00:00 AM
2023-02-07 13:43:57.0808 DEBUG 31-Mar-23 12:00:00 AM
2023-02-07 13:49:21.1747 DEBUG 27-Dec-22 12:00:00 AM
2023-02-07 13:49:21.2186 DEBUG 31-Mar-23 12:00:00 AM
2023-02-07 14:00:00.0305 DEBUG Company id - 0
2023-02-07 14:00:00.0944 ERROR Get All AD Users..AD Error..Unknown error (0x80005000)
2023-02-07 14:15:39.9691 DEBUG 27-Dec-22 12:00:00 AM
2023-02-07 14:15:40.0081 DEBUG 31-Mar-23 12:00:00 AM
2023-02-07 14:48:26.0018 DEBUG 27-Dec-22 12:00:00 AM
2023-02-07 14:48:26.0407 DEBUG 31-Mar-23 12:00:00 AM
2023-02-07 14:49:53.1726 DEBUG 27-Dec-22 12:00:00 AM
2023-02-07 14:49:53.2154 DEBUG 31-Mar-23 12:00:00 AM
2023-02-07 14:54:54.7712 DEBUG 27-Dec-22 12:00:00 AM
2023-02-07 14:54:54.8121 DEBUG 31-Mar-23 12:00:00 AM
2023-02-07 14:56:02.8492 DEBUG 27-Dec-22 12:00:00 AM
2023-02-07 14:56:02.8502 DEBUG 27-Dec-22 12:00:00 AM
2023-02-07 14:56:02.8911 DEBUG 31-Mar-23 12:00:00 AM
2023-02-07 14:56:02.8911 DEBUG 31-Mar-23 12:00:00 AM
2023-02-07 14:59:00.9313 DEBUG 27-Dec-22 12:00:00 AM
2023-02-07 14:59:00.9712 DEBUG 31-Mar-23 12:00:00 AM
2023-02-07 15:00:00.0104 DEBUG Company id - 0
2023-02-07 15:00:00.0570 ERROR Get All AD Users..AD Error..Unknown error (0x80005000)
2023-02-07 15:12:46.7218 DEBUG 27-Dec-22 12:00:00 AM
2023-02-07 15:12:46.7587 DEBUG 31-Mar-23 12:00:00 AM
2023-02-07 15:37:50.7087 DEBUG 27-Dec-22 12:00:00 AM
2023-02-07 15:37:50.8126 DEBUG 31-Mar-23 12:00:00 AM
2023-02-07 15:39:37.0486 DEBUG File Move Starts..07-Feb-23 3:39:37 PM
2023-02-07 15:45:07.2318 DEBUG 27-Dec-22 12:00:00 AM
2023-02-07 15:45:07.2318 DEBUG 27-Dec-22 12:00:00 AM
2023-02-07 15:45:07.3711 DEBUG 31-Mar-23 12:00:00 AM
2023-02-07 15:45:07.3643 DEBUG 31-Mar-23 12:00:00 AM
2023-02-07 15:46:30.8790 DEBUG 27-Dec-22 12:00:00 AM
2023-02-07 15:46:30.8790 DEBUG 31-Mar-23 12:00:00 AM
2023-02-07 15:48:19.7262 DEBUG File Move Starts..07-Feb-23 3:48:19 PM
2023-02-07 15:48:41.0167 DEBUG File Move Ends..07-Feb-23 3:48:41 PM
2023-02-07 15:54:21.1059 DEBUG File Move Starts..07-Feb-23 3:54:21 PM
2023-02-07 15:54:24.8406 DEBUG File Move Ends..07-Feb-23 3:54:24 PM
2023-02-07 15:56:13.4105 DEBUG File Move Starts..07-Feb-23 3:56:13 PM
2023-02-07 15:57:30.8734 DEBUG 27-Dec-22 12:00:00 AM
2023-02-07 15:57:30.8815 DEBUG 27-Dec-22 12:00:00 AM
2023-02-07 15:57:30.8815 DEBUG 27-Dec-22 12:00:00 AM
2023-02-07 15:57:30.9802 DEBUG 31-Mar-23 12:00:00 AM
2023-02-07 15:57:30.9802 DEBUG 31-Mar-23 12:00:00 AM
2023-02-07 15:57:30.9802 DEBUG 31-Mar-23 12:00:00 AM
2023-02-07 15:58:28.5650 DEBUG File Move Starts..07-Feb-23 3:58:28 PM
2023-02-07 15:58:48.7998 DEBUG File Move Ends..07-Feb-23 3:58:48 PM
2023-02-07 16:00:00.0089 DEBUG Company id - 0
2023-02-07 16:00:00.1204 ERROR Get All AD Users..AD Error..Unknown error (0x80005000)
